<?xml version="1.0" encoding="UTF-8"?>
<coverage generated="1738921963236" clover="3.2.0">
  <project timestamp="1738921963236" name="All files">
    <metrics statements="293" coveredstatements="293" conditionals="147" coveredconditionals="147" methods="120" coveredmethods="120" elements="560" coveredelements="560" complexity="0" loc="293" ncloc="293" packages="8" files="22" classes="22"/>
    <package name="src">
      <metrics statements="2" coveredstatements="2" conditionals="0" coveredconditionals="0" methods="1" coveredmethods="1"/>
      <file name="index.ts" path="/home/flavioasp77/formacao-dev/arquiteto/modelagem-dominio/ead/src/index.ts">
        <metrics statements="2" coveredstatements="2" conditionals="0" coveredconditionals="0" methods="1" coveredmethods="1"/>
        <line num="1" count="1" type="stmt"/>
        <line num="2" count="1" type="stmt"/>
      </file>
    </package>
    <package name="src.constants">
      <metrics statements="2" coveredstatements="2" conditionals="0" coveredconditionals="0" methods="0" coveredmethods="0"/>
      <file name="Erros.ts" path="/home/flavioasp77/formacao-dev/arquiteto/modelagem-dominio/ead/src/constants/Erros.ts">
        <metrics statements="2" coveredstatements="2" conditionals="0" coveredconditionals="0" methods="0" coveredmethods="0"/>
        <line num="1" count="15" type="stmt"/>
        <line num="19" count="15" type="stmt"/>
      </file>
    </package>
    <package name="src.curso">
      <metrics statements="54" coveredstatements="54" conditionals="16" coveredconditionals="16" methods="23" coveredmethods="23"/>
      <file name="Aula.ts" path="/home/flavioasp77/formacao-dev/arquiteto/modelagem-dominio/ead/src/curso/Aula.ts">
        <metrics statements="15" coveredstatements="15" conditionals="5" coveredconditionals="5" methods="1" coveredmethods="1"/>
        <line num="1" count="2" type="stmt"/>
        <line num="2" count="2" type="stmt"/>
        <line num="3" count="2" type="stmt"/>
        <line num="4" count="2" type="stmt"/>
        <line num="5" count="2" type="stmt"/>
        <line num="6" count="2" type="stmt"/>
        <line num="7" count="2" type="stmt"/>
        <line num="16" count="2" type="stmt"/>
        <line num="23" count="820" type="cond" truecount="4" falsecount="0"/>
        <line num="24" count="820" type="stmt"/>
        <line num="25" count="817" type="stmt"/>
        <line num="26" count="817" type="stmt"/>
        <line num="27" count="817" type="stmt"/>
        <line num="29" count="815" type="cond" truecount="1" falsecount="0"/>
        <line num="30" count="2" type="stmt"/>
      </file>
      <file name="Capitulo.ts" path="/home/flavioasp77/formacao-dev/arquiteto/modelagem-dominio/ead/src/curso/Capitulo.ts">
        <metrics statements="39" coveredstatements="39" conditionals="11" coveredconditionals="11" methods="22" coveredmethods="22"/>
        <line num="1" count="1" type="stmt"/>
        <line num="2" count="1" type="stmt"/>
        <line num="3" count="1" type="stmt"/>
        <line num="4" count="1" type="stmt"/>
        <line num="5" count="1" type="stmt"/>
        <line num="6" count="1" type="stmt"/>
        <line num="7" count="1" type="stmt"/>
        <line num="15" count="1" type="stmt"/>
        <line num="21" count="30" type="stmt"/>
        <line num="25" count="30" type="stmt"/>
        <line num="26" count="29" type="stmt"/>
        <line num="27" count="27" type="cond" truecount="1" falsecount="0"/>
        <line num="28" count="1" type="stmt"/>
        <line num="30" count="160" type="stmt"/>
        <line num="35" count="4" type="cond" truecount="2" falsecount="0"/>
        <line num="38" count="4" type="stmt"/>
        <line num="39" count="28" type="stmt"/>
        <line num="41" count="4" type="stmt"/>
        <line num="45" count="3" type="stmt"/>
        <line num="46" count="25" type="stmt"/>
        <line num="48" count="3" type="stmt"/>
        <line num="49" count="22" type="stmt"/>
        <line num="51" count="3" type="stmt"/>
        <line num="55" count="2" type="stmt"/>
        <line num="59" count="3" type="stmt"/>
        <line num="60" count="2" type="stmt"/>
        <line num="61" count="2" type="cond" truecount="2" falsecount="0"/>
        <line num="65" count="12" type="stmt"/>
        <line num="66" count="2" type="stmt"/>
        <line num="67" count="2" type="cond" truecount="2" falsecount="0"/>
        <line num="71" count="190" type="stmt"/>
        <line num="72" count="30" type="stmt"/>
        <line num="73" count="190" type="stmt"/>
        <line num="77" count="240" type="stmt"/>
        <line num="81" count="2" type="stmt"/>
        <line num="82" count="6" type="stmt"/>
        <line num="87" count="7" type="stmt"/>
        <line num="91" count="3" type="stmt"/>
        <line num="95" count="3" type="stmt"/>
      </file>
    </package>
    <package name="src.error">
      <metrics statements="9" coveredstatements="9" conditionals="28" coveredconditionals="28" methods="3" coveredmethods="3"/>
      <file name="ErroValidacao.ts" path="/home/flavioasp77/formacao-dev/arquiteto/modelagem-dominio/ead/src/error/ErroValidacao.ts">
        <metrics statements="9" coveredstatements="9" conditionals="28" coveredconditionals="28" methods="3" coveredmethods="3"/>
        <line num="1" count="15" type="stmt"/>
        <line num="9" count="15" type="stmt"/>
        <line num="14" count="92" type="stmt"/>
        <line num="15" count="92" type="cond" truecount="8" falsecount="0"/>
        <line num="16" count="92" type="cond" truecount="8" falsecount="0"/>
        <line num="17" count="92" type="cond" truecount="4" falsecount="0"/>
        <line num="18" count="92" type="cond" truecount="8" falsecount="0"/>
        <line num="22" count="57" type="stmt"/>
        <line num="27" count="32" type="stmt"/>
      </file>
    </package>
    <package name="src.shared">
      <metrics statements="124" coveredstatements="124" conditionals="76" coveredconditionals="76" methods="45" coveredmethods="45"/>
      <file name="Duracao.ts" path="/home/flavioasp77/formacao-dev/arquiteto/modelagem-dominio/ead/src/shared/Duracao.ts">
        <metrics statements="28" coveredstatements="28" conditionals="10" coveredconditionals="10" methods="8" coveredmethods="8"/>
        <line num="1" count="3" type="stmt"/>
        <line num="2" count="3" type="stmt"/>
        <line num="4" count="3" type="stmt"/>
        <line num="5" count="3" type="stmt"/>
        <line num="6" count="3" type="stmt"/>
        <line num="10" count="846" type="cond" truecount="3" falsecount="0"/>
        <line num="11" count="1" type="stmt"/>
        <line num="13" count="845" type="cond" truecount="4" falsecount="0"/>
        <line num="17" count="8" type="stmt"/>
        <line num="21" count="2" type="stmt"/>
        <line num="25" count="817" type="stmt"/>
        <line num="29" count="2" type="stmt"/>
        <line num="33" count="6" type="stmt"/>
        <line num="34" count="6" type="stmt"/>
        <line num="35" count="6" type="stmt"/>
        <line num="36" count="6" type="cond" truecount="1" falsecount="0"/>
        <line num="37" count="4" type="stmt"/>
        <line num="39" count="2" type="stmt"/>
        <line num="43" count="5" type="stmt"/>
        <line num="44" count="5" type="stmt"/>
        <line num="45" count="5" type="stmt"/>
        <line num="46" count="5" type="stmt"/>
        <line num="47" count="5" type="cond" truecount="1" falsecount="0"/>
        <line num="48" count="2" type="stmt"/>
        <line num="50" count="3" type="cond" truecount="1" falsecount="0"/>
        <line num="51" count="1" type="stmt"/>
        <line num="53" count="2" type="stmt"/>
        <line num="57" count="11" type="stmt"/>
      </file>
      <file name="Email.ts" path="/home/flavioasp77/formacao-dev/arquiteto/modelagem-dominio/ead/src/shared/Email.ts">
        <metrics statements="10" coveredstatements="10" conditionals="9" coveredconditionals="9" methods="4" coveredmethods="4"/>
        <line num="1" count="2" type="stmt"/>
        <line num="2" count="2" type="stmt"/>
        <line num="4" count="2" type="stmt"/>
        <line num="5" count="2" type="stmt"/>
        <line num="10" count="11" type="cond" truecount="8" falsecount="0"/>
        <line num="12" count="11" type="cond" truecount="1" falsecount="0"/>
        <line num="13" count="3" type="stmt"/>
        <line num="18" count="1" type="stmt"/>
        <line num="23" count="1" type="stmt"/>
        <line num="27" count="11" type="stmt"/>
      </file>
      <file name="Entidade.ts" path="/home/flavioasp77/formacao-dev/arquiteto/modelagem-dominio/ead/src/shared/Entidade.ts">
        <metrics statements="7" coveredstatements="7" conditionals="8" coveredconditionals="8" methods="4" coveredmethods="4"/>
        <line num="1" count="4" type="stmt"/>
        <line num="7" count="4" type="stmt"/>
        <line num="12" count="867" type="stmt"/>
        <line num="13" count="867" type="stmt"/>
        <line num="17" count="19" type="cond" truecount="4" falsecount="0"/>
        <line num="21" count="29" type="cond" truecount="4" falsecount="0"/>
        <line num="25" count="249" type="stmt"/>
      </file>
      <file name="Id.ts" path="/home/flavioasp77/formacao-dev/arquiteto/modelagem-dominio/ead/src/shared/Id.ts">
        <metrics statements="11" coveredstatements="11" conditionals="13" coveredconditionals="13" methods="4" coveredmethods="4"/>
        <line num="1" count="5" type="stmt"/>
        <line num="2" count="5" type="stmt"/>
        <line num="3" count="5" type="stmt"/>
        <line num="6" count="5" type="stmt"/>
        <line num="11" count="881" type="cond" truecount="4" falsecount="0"/>
        <line num="12" count="881" type="stmt"/>
        <line num="14" count="881" type="cond" truecount="1" falsecount="0"/>
        <line num="15" count="1" type="stmt"/>
        <line num="20" count="7" type="stmt"/>
        <line num="24" count="22" type="cond" truecount="4" falsecount="0"/>
        <line num="28" count="33" type="cond" truecount="4" falsecount="0"/>
      </file>
      <file name="NomePessoa.ts" path="/home/flavioasp77/formacao-dev/arquiteto/modelagem-dominio/ead/src/shared/NomePessoa.ts">
        <metrics statements="11" coveredstatements="11" conditionals="9" coveredconditionals="9" methods="5" coveredmethods="5"/>
        <line num="1" count="2" type="stmt"/>
        <line num="2" count="2" type="stmt"/>
        <line num="4" count="2" type="stmt"/>
        <line num="7" count="17" type="cond" truecount="8" falsecount="0"/>
        <line num="9" count="17" type="stmt"/>
        <line num="17" count="17" type="cond" truecount="1" falsecount="0"/>
        <line num="18" count="9" type="stmt"/>
        <line num="23" count="3" type="stmt"/>
        <line num="27" count="1" type="stmt"/>
        <line num="31" count="1" type="stmt"/>
        <line num="35" count="1" type="stmt"/>
      </file>
      <file name="NomeSimples.ts" path="/home/flavioasp77/formacao-dev/arquiteto/modelagem-dominio/ead/src/shared/NomeSimples.ts">
        <metrics statements="11" coveredstatements="11" conditionals="9" coveredconditionals="9" methods="4" coveredmethods="4"/>
        <line num="1" count="3" type="stmt"/>
        <line num="2" count="3" type="stmt"/>
        <line num="4" count="3" type="stmt"/>
        <line num="8" count="856" type="cond" truecount="8" falsecount="0"/>
        <line num="10" count="856" type="stmt"/>
        <line num="16" count="856" type="cond" truecount="1" falsecount="0"/>
        <line num="17" count="8" type="stmt"/>
        <line num="22" count="10" type="stmt"/>
        <line num="26" count="1" type="stmt"/>
        <line num="27" count="2" type="stmt"/>
        <line num="30" count="1" type="stmt"/>
      </file>
      <file name="Ordem.ts" path="/home/flavioasp77/formacao-dev/arquiteto/modelagem-dominio/ead/src/shared/Ordem.ts">
        <metrics statements="12" coveredstatements="12" conditionals="5" coveredconditionals="5" methods="5" coveredmethods="5"/>
        <line num="1" count="3" type="stmt"/>
        <line num="2" count="3" type="stmt"/>
        <line num="4" count="3" type="stmt"/>
        <line num="5" count="860" type="cond" truecount="1" falsecount="0"/>
        <line num="6" count="860" type="cond" truecount="1" falsecount="0"/>
        <line num="7" count="6" type="stmt"/>
        <line num="12" count="170" type="stmt"/>
        <line num="16" count="2" type="stmt"/>
        <line num="20" count="168" type="cond" truecount="1" falsecount="0"/>
        <line num="21" count="7" type="stmt"/>
        <line num="24" count="161" type="cond" truecount="2" falsecount="0"/>
        <line num="28" count="165" type="stmt"/>
      </file>
      <file name="SenhaForte.ts" path="/home/flavioasp77/formacao-dev/arquiteto/modelagem-dominio/ead/src/shared/SenhaForte.ts">
        <metrics statements="8" coveredstatements="8" conditionals="5" coveredconditionals="5" methods="2" coveredmethods="2"/>
        <line num="1" count="1" type="stmt"/>
        <line num="2" count="1" type="stmt"/>
        <line num="4" count="1" type="stmt"/>
        <line num="5" count="1" type="stmt"/>
        <line num="7" count="7" type="stmt"/>
        <line num="8" count="7" type="cond" truecount="5" falsecount="0"/>
        <line num="9" count="6" type="stmt"/>
        <line num="14" count="7" type="stmt"/>
      </file>
      <file name="SenhaHash.ts" path="/home/flavioasp77/formacao-dev/arquiteto/modelagem-dominio/ead/src/shared/SenhaHash.ts">
        <metrics statements="8" coveredstatements="8" conditionals="3" coveredconditionals="3" methods="2" coveredmethods="2"/>
        <line num="1" count="2" type="stmt"/>
        <line num="2" count="2" type="stmt"/>
        <line num="4" count="2" type="stmt"/>
        <line num="5" count="2" type="stmt"/>
        <line num="7" count="14" type="stmt"/>
        <line num="8" count="14" type="cond" truecount="3" falsecount="0"/>
        <line num="9" count="6" type="stmt"/>
        <line num="14" count="12" type="stmt"/>
      </file>
      <file name="Url.ts" path="/home/flavioasp77/formacao-dev/arquiteto/modelagem-dominio/ead/src/shared/Url.ts">
        <metrics statements="18" coveredstatements="18" conditionals="5" coveredconditionals="5" methods="7" coveredmethods="7"/>
        <line num="1" count="3" type="stmt"/>
        <line num="2" count="3" type="stmt"/>
        <line num="4" count="3" type="stmt"/>
        <line num="9" count="826" type="cond" truecount="4" falsecount="0"/>
        <line num="11" count="826" type="cond" truecount="1" falsecount="0"/>
        <line num="12" count="5" type="stmt"/>
        <line num="15" count="821" type="stmt"/>
        <line num="20" count="826" type="stmt"/>
        <line num="21" count="826" type="stmt"/>
        <line num="22" count="821" type="stmt"/>
        <line num="24" count="5" type="stmt"/>
        <line num="29" count="1" type="stmt"/>
        <line num="33" count="1" type="stmt"/>
        <line num="37" count="1" type="stmt"/>
        <line num="41" count="3" type="stmt"/>
        <line num="42" count="3" type="stmt"/>
        <line num="43" count="6" type="stmt"/>
        <line num="44" count="6" type="stmt"/>
      </file>
    </package>
    <package name="src.usuario">
      <metrics statements="10" coveredstatements="10" conditionals="1" coveredconditionals="1" methods="1" coveredmethods="1"/>
      <file name="Usuario.ts" path="/home/flavioasp77/formacao-dev/arquiteto/modelagem-dominio/ead/src/usuario/Usuario.ts">
        <metrics statements="10" coveredstatements="10" conditionals="1" coveredconditionals="1" methods="1" coveredmethods="1"/>
        <line num="1" count="1" type="stmt"/>
        <line num="2" count="1" type="stmt"/>
        <line num="3" count="1" type="stmt"/>
        <line num="4" count="1" type="stmt"/>
        <line num="12" count="1" type="stmt"/>
        <line num="18" count="8" type="stmt"/>
        <line num="19" count="8" type="stmt"/>
        <line num="20" count="6" type="stmt"/>
        <line num="21" count="5" type="cond" truecount="1" falsecount="0"/>
        <line num="22" count="4" type="stmt"/>
      </file>
    </package>
    <package name="src.utils">
      <metrics statements="13" coveredstatements="13" conditionals="19" coveredconditionals="19" methods="9" coveredmethods="9"/>
      <file name="Validador.ts" path="/home/flavioasp77/formacao-dev/arquiteto/modelagem-dominio/ead/src/utils/Validador.ts">
        <metrics statements="13" coveredstatements="13" conditionals="19" coveredconditionals="19" methods="9" coveredmethods="9"/>
        <line num="1" count="6" type="stmt"/>
        <line num="3" count="6" type="stmt"/>
        <line num="6" count="2661" type="stmt"/>
        <line num="7" count="875" type="cond" truecount="2" falsecount="0"/>
        <line num="11" count="903" type="cond" truecount="4" falsecount="0"/>
        <line num="15" count="900" type="cond" truecount="1" falsecount="0"/>
        <line num="16" count="8" type="stmt"/>
        <line num="19" count="892" type="cond" truecount="2" falsecount="0"/>
        <line num="23" count="20" type="cond" truecount="2" falsecount="0"/>
        <line num="28" count="858" type="cond" truecount="2" falsecount="0"/>
        <line num="32" count="19" type="cond" truecount="2" falsecount="0"/>
        <line num="36" count="858" type="cond" truecount="2" falsecount="0"/>
        <line num="40" count="20" type="cond" truecount="2" falsecount="0"/>
      </file>
    </package>
    <package name="test.data">
      <metrics statements="79" coveredstatements="79" conditionals="7" coveredconditionals="7" methods="38" coveredmethods="38"/>
      <file name="AulaBuilder.ts" path="/home/flavioasp77/formacao-dev/arquiteto/modelagem-dominio/ead/test/data/AulaBuilder.ts">
        <metrics statements="24" coveredstatements="24" conditionals="4" coveredconditionals="4" methods="13" coveredmethods="13"/>
        <line num="1" count="2" type="stmt"/>
        <line num="2" count="2" type="stmt"/>
        <line num="3" count="2" type="stmt"/>
        <line num="5" count="2" type="stmt"/>
        <line num="6" count="229" type="stmt"/>
        <line num="9" count="229" type="stmt"/>
        <line num="18" count="23" type="stmt"/>
        <line num="19" count="204" type="stmt"/>
        <line num="22" count="204" type="stmt"/>
        <line num="26" count="1" type="stmt"/>
        <line num="27" count="1" type="stmt"/>
        <line num="31" count="1" type="stmt"/>
        <line num="32" count="1" type="stmt"/>
        <line num="36" count="2" type="stmt"/>
        <line num="37" count="2" type="stmt"/>
        <line num="41" count="13" type="stmt"/>
        <line num="42" count="13" type="stmt"/>
        <line num="46" count="1" type="stmt"/>
        <line num="47" count="1" type="stmt"/>
        <line num="51" count="209" type="stmt"/>
        <line num="52" count="209" type="stmt"/>
        <line num="56" count="10" type="stmt"/>
        <line num="57" count="10" type="stmt"/>
        <line num="61" count="229" type="stmt"/>
      </file>
      <file name="CapituloBuilder.ts" path="/home/flavioasp77/formacao-dev/arquiteto/modelagem-dominio/ead/test/data/CapituloBuilder.ts">
        <metrics statements="25" coveredstatements="25" conditionals="3" coveredconditionals="3" methods="12" coveredmethods="12"/>
        <line num="1" count="1" type="stmt"/>
        <line num="2" count="1" type="stmt"/>
        <line num="3" count="1" type="stmt"/>
        <line num="4" count="1" type="stmt"/>
        <line num="5" count="1" type="stmt"/>
        <line num="7" count="1" type="stmt"/>
        <line num="8" count="22" type="stmt"/>
        <line num="11" count="22" type="stmt"/>
        <line num="14" count="194" type="stmt"/>
        <line num="19" count="1" type="stmt"/>
        <line num="20" count="1" type="stmt"/>
        <line num="24" count="1" type="stmt"/>
        <line num="25" count="1" type="stmt"/>
        <line num="29" count="1" type="stmt"/>
        <line num="30" count="1" type="stmt"/>
        <line num="34" count="2" type="stmt"/>
        <line num="35" count="2" type="stmt"/>
        <line num="39" count="1" type="stmt"/>
        <line num="40" count="1" type="stmt"/>
        <line num="44" count="7" type="stmt"/>
        <line num="45" count="24" type="cond" truecount="2" falsecount="0"/>
        <line num="47" count="7" type="stmt"/>
        <line num="51" count="1" type="stmt"/>
        <line num="52" count="1" type="stmt"/>
        <line num="56" count="22" type="stmt"/>
      </file>
      <file name="NomesAula.ts" path="/home/flavioasp77/formacao-dev/arquiteto/modelagem-dominio/ead/test/data/NomesAula.ts">
        <metrics statements="4" coveredstatements="4" conditionals="0" coveredconditionals="0" methods="1" coveredmethods="1"/>
        <line num="1" count="2" type="stmt"/>
        <line num="3" count="215" type="stmt"/>
        <line num="4" count="215" type="stmt"/>
        <line num="7" count="2" type="stmt"/>
      </file>
      <file name="NomesCapitulo.ts" path="/home/flavioasp77/formacao-dev/arquiteto/modelagem-dominio/ead/test/data/NomesCapitulo.ts">
        <metrics statements="4" coveredstatements="4" conditionals="0" coveredconditionals="0" methods="1" coveredmethods="1"/>
        <line num="1" count="1" type="stmt"/>
        <line num="3" count="22" type="stmt"/>
        <line num="4" count="22" type="stmt"/>
        <line num="7" count="1" type="stmt"/>
      </file>
      <file name="UsuarioBuilder.ts" path="/home/flavioasp77/formacao-dev/arquiteto/modelagem-dominio/ead/test/data/UsuarioBuilder.ts">
        <metrics statements="22" coveredstatements="22" conditionals="0" coveredconditionals="0" methods="11" coveredmethods="11"/>
        <line num="1" count="1" type="stmt"/>
        <line num="2" count="1" type="stmt"/>
        <line num="4" count="1" type="stmt"/>
        <line num="5" count="8" type="stmt"/>
        <line num="8" count="8" type="stmt"/>
        <line num="20" count="1" type="stmt"/>
        <line num="21" count="1" type="stmt"/>
        <line num="25" count="1" type="stmt"/>
        <line num="26" count="1" type="stmt"/>
        <line num="30" count="2" type="stmt"/>
        <line num="31" count="2" type="stmt"/>
        <line num="35" count="1" type="stmt"/>
        <line num="36" count="1" type="stmt"/>
        <line num="40" count="1" type="stmt"/>
        <line num="41" count="1" type="stmt"/>
        <line num="45" count="1" type="stmt"/>
        <line num="46" count="1" type="stmt"/>
        <line num="50" count="1" type="stmt"/>
        <line num="51" count="1" type="stmt"/>
        <line num="55" count="1" type="stmt"/>
        <line num="56" count="1" type="stmt"/>
        <line num="60" count="8" type="stmt"/>
      </file>
    </package>
  </project>
</coverage>
