{"/home/flavioasp77/formacao-dev/arquiteto/modelagem-dominio/ead/src/index.ts": {"path":"/home/flavioasp77/formacao-dev/arquiteto/modelagem-dominio/ead/src/index.ts","statementMap":{"0":{"start":{"line":1,"column":0},"end":{"line":1,"column":16}},"1":{"start":{"line":2,"column":4},"end":{"line":2,"column":null}}},"fnMap":{"0":{"name":"somar","decl":{"start":{"line":1,"column":16},"end":{"line":1,"column":21}},"loc":{"start":{"line":1,"column":40},"end":{"line":3,"column":1}}}},"branchMap":{},"s":{"0":1,"1":1},"f":{"0":1},"b":{}}
,"/home/flavioasp77/formacao-dev/arquiteto/modelagem-dominio/ead/src/constants/Erros.ts": {"path":"/home/flavioasp77/formacao-dev/arquiteto/modelagem-dominio/ead/src/constants/Erros.ts","statementMap":{"0":{"start":{"line":1,"column":14},"end":{"line":17,"column":11}},"1":{"start":{"line":19,"column":0},"end":{"line":19,"column":21}}},"fnMap":{},"branchMap":{},"s":{"0":15,"1":15},"f":{},"b":{}}
,"/home/flavioasp77/formacao-dev/arquiteto/modelagem-dominio/ead/src/curso/Aula.ts": {"path":"/home/flavioasp77/formacao-dev/arquiteto/modelagem-dominio/ead/src/curso/Aula.ts","statementMap":{"0":{"start":{"line":1,"column":0},"end":{"line":1,"column":38}},"1":{"start":{"line":2,"column":0},"end":{"line":2,"column":50}},"2":{"start":{"line":3,"column":0},"end":{"line":3,"column":39}},"3":{"start":{"line":4,"column":0},"end":{"line":4,"column":60}},"4":{"start":{"line":5,"column":0},"end":{"line":5,"column":47}},"5":{"start":{"line":6,"column":0},"end":{"line":6,"column":35}},"6":{"start":{"line":7,"column":0},"end":{"line":7,"column":31}},"7":{"start":{"line":23,"column":8},"end":{"line":23,"column":51}},"8":{"start":{"line":24,"column":8},"end":{"line":24,"column":61}},"9":{"start":{"line":25,"column":8},"end":{"line":25,"column":55}},"10":{"start":{"line":26,"column":8},"end":{"line":26,"column":53}},"11":{"start":{"line":27,"column":8},"end":{"line":27,"column":49}},"12":{"start":{"line":29,"column":8},"end":{"line":31,"column":9}},"13":{"start":{"line":30,"column":12},"end":{"line":30,"column":60}},"14":{"start":{"line":16,"column":0},"end":{"line":16,"column":21}}},"fnMap":{"0":{"name":"(anonymous_1)","decl":{"start":{"line":22,"column":4},"end":{"line":22,"column":16}},"loc":{"start":{"line":22,"column":32},"end":{"line":32,"column":5}}}},"branchMap":{"0":{"loc":{"start":{"line":23,"column":32},"end":{"line":23,"column":48}},"type":"cond-expr","locations":[{"start":{"line":23,"column":43},"end":{"line":23,"column":47}},{"start":{"line":23,"column":47},"end":{"line":23,"column":48}}]},"1":{"loc":{"start":{"line":23,"column":32},"end":{"line":23,"column":47}},"type":"binary-expr","locations":[{"start":{"line":23,"column":32},"end":{"line":23,"column":47}},{"start":{"line":23,"column":43},"end":{"line":23,"column":47}}]},"2":{"loc":{"start":{"line":29,"column":8},"end":{"line":31,"column":9}},"type":"if","locations":[{"start":{"line":29,"column":8},"end":{"line":31,"column":9}}]}},"s":{"0":2,"1":2,"2":2,"3":2,"4":2,"5":2,"6":2,"7":820,"8":820,"9":817,"10":817,"11":817,"12":815,"13":2,"14":2},"f":{"0":820},"b":{"0":[810,10],"1":[820,820],"2":[2]}}
,"/home/flavioasp77/formacao-dev/arquiteto/modelagem-dominio/ead/src/curso/Capitulo.ts": {"path":"/home/flavioasp77/formacao-dev/arquiteto/modelagem-dominio/ead/src/curso/Capitulo.ts","statementMap":{"0":{"start":{"line":1,"column":0},"end":{"line":1,"column":60}},"1":{"start":{"line":2,"column":0},"end":{"line":2,"column":41}},"2":{"start":{"line":3,"column":0},"end":{"line":3,"column":47}},"3":{"start":{"line":4,"column":0},"end":{"line":4,"column":35}},"4":{"start":{"line":5,"column":0},"end":{"line":5,"column":50}},"5":{"start":{"line":6,"column":0},"end":{"line":6,"column":38}},"6":{"start":{"line":7,"column":0},"end":{"line":7,"column":39}},"7":{"start":{"line":21,"column":4},"end":{"line":24,"column":7}},"8":{"start":{"line":25,"column":4},"end":{"line":25,"column":53}},"9":{"start":{"line":26,"column":4},"end":{"line":26,"column":40}},"10":{"start":{"line":27,"column":4},"end":{"line":29,"column":5}},"11":{"start":{"line":28,"column":6},"end":{"line":28,"column":53}},"12":{"start":{"line":30,"column":4},"end":{"line":30,"column":65}},"13":{"start":{"line":30,"column":49},"end":{"line":30,"column":63}},"14":{"start":{"line":35,"column":6},"end":{"line":37,"column":31}},"15":{"start":{"line":38,"column":18},"end":{"line":39,"column":null}},"16":{"start":{"line":39,"column":16},"end":{"line":39,"column":26}},"17":{"start":{"line":41,"column":4},"end":{"line":41,"column":33}},"18":{"start":{"line":45,"column":24},"end":{"line":46,"column":null}},"19":{"start":{"line":46,"column":6},"end":{"line":46,"column":33}},"20":{"start":{"line":48,"column":18},"end":{"line":49,"column":null}},"21":{"start":{"line":49,"column":16},"end":{"line":49,"column":26}},"22":{"start":{"line":51,"column":4},"end":{"line":51,"column":33}},"23":{"start":{"line":55,"column":4},"end":{"line":55,"column":77}},"24":{"start":{"line":59,"column":20},"end":{"line":59,"column":75}},"25":{"start":{"line":59,"column":51},"end":{"line":59,"column":74}},"26":{"start":{"line":60,"column":21},"end":{"line":60,"column":34}},"27":{"start":{"line":61,"column":4},"end":{"line":61,"column":70}},"28":{"start":{"line":65,"column":20},"end":{"line":65,"column":75}},"29":{"start":{"line":65,"column":51},"end":{"line":65,"column":74}},"30":{"start":{"line":66,"column":19},"end":{"line":66,"column":52}},"31":{"start":{"line":67,"column":4},"end":{"line":67,"column":68}},"32":{"start":{"line":71,"column":18},"end":{"line":71,"column":57}},"33":{"start":{"line":71,"column":42},"end":{"line":71,"column":56}},"34":{"start":{"line":72,"column":26},"end":{"line":72,"column":51}},"35":{"start":{"line":73,"column":4},"end":{"line":73,"column":77}},"36":{"start":{"line":73,"column":65},"end":{"line":73,"column":75}},"37":{"start":{"line":77,"column":4},"end":{"line":77,"column":72}},"38":{"start":{"line":77,"column":38},"end":{"line":77,"column":70}},"39":{"start":{"line":81,"column":4},"end":{"line":83,"column":23}},"40":{"start":{"line":82,"column":6},"end":{"line":82,"column":39}},"41":{"start":{"line":87,"column":4},"end":{"line":87,"column":29}},"42":{"start":{"line":91,"column":4},"end":{"line":91,"column":25}},"43":{"start":{"line":95,"column":4},"end":{"line":95,"column":48}},"44":{"start":{"line":15,"column":0},"end":{"line":15,"column":21}}},"fnMap":{"0":{"name":"(anonymous_1)","decl":{"start":{"line":20,"column":2},"end":{"line":20,"column":14}},"loc":{"start":{"line":20,"column":34},"end":{"line":31,"column":3}}},"1":{"name":"(anonymous_2)","decl":{"start":{"line":30,"column":39},"end":{"line":30,"column":40}},"loc":{"start":{"line":30,"column":49},"end":{"line":30,"column":63}}},"2":{"name":"(anonymous_3)","decl":{"start":{"line":33,"column":2},"end":{"line":33,"column":15}},"loc":{"start":{"line":33,"column":44},"end":{"line":42,"column":3}}},"3":{"name":"(anonymous_4)","decl":{"start":{"line":39,"column":6},"end":{"line":39,"column":7}},"loc":{"start":{"line":39,"column":16},"end":{"line":39,"column":26}}},"4":{"name":"(anonymous_5)","decl":{"start":{"line":44,"column":2},"end":{"line":44,"column":13}},"loc":{"start":{"line":44,"column":31},"end":{"line":52,"column":3}}},"5":{"name":"(anonymous_6)","decl":{"start":{"line":45,"column":42},"end":{"line":45,"column":43}},"loc":{"start":{"line":46,"column":6},"end":{"line":46,"column":33}}},"6":{"name":"(anonymous_7)","decl":{"start":{"line":49,"column":6},"end":{"line":49,"column":7}},"loc":{"start":{"line":49,"column":16},"end":{"line":49,"column":26}}},"7":{"name":"(anonymous_8)","decl":{"start":{"line":54,"column":2},"end":{"line":54,"column":11}},"loc":{"start":{"line":54,"column":46},"end":{"line":56,"column":3}}},"8":{"name":"(anonymous_9)","decl":{"start":{"line":58,"column":2},"end":{"line":58,"column":19}},"loc":{"start":{"line":58,"column":37},"end":{"line":62,"column":3}}},"9":{"name":"(anonymous_10)","decl":{"start":{"line":59,"column":41},"end":{"line":59,"column":42}},"loc":{"start":{"line":59,"column":51},"end":{"line":59,"column":74}}},"10":{"name":"(anonymous_11)","decl":{"start":{"line":64,"column":2},"end":{"line":64,"column":20}},"loc":{"start":{"line":64,"column":38},"end":{"line":68,"column":3}}},"11":{"name":"(anonymous_12)","decl":{"start":{"line":65,"column":41},"end":{"line":65,"column":42}},"loc":{"start":{"line":65,"column":51},"end":{"line":65,"column":74}}},"12":{"name":"(anonymous_13)","decl":{"start":{"line":70,"column":10},"end":{"line":70,"column":16}},"loc":{"start":{"line":70,"column":52},"end":{"line":74,"column":3}}},"13":{"name":"(anonymous_14)","decl":{"start":{"line":71,"column":32},"end":{"line":71,"column":33}},"loc":{"start":{"line":71,"column":42},"end":{"line":71,"column":56}}},"14":{"name":"(anonymous_15)","decl":{"start":{"line":73,"column":55},"end":{"line":73,"column":56}},"loc":{"start":{"line":73,"column":65},"end":{"line":73,"column":75}}},"15":{"name":"(anonymous_16)","decl":{"start":{"line":76,"column":10},"end":{"line":76,"column":16}},"loc":{"start":{"line":76,"column":46},"end":{"line":78,"column":3}}},"16":{"name":"(anonymous_17)","decl":{"start":{"line":77,"column":21},"end":{"line":77,"column":22}},"loc":{"start":{"line":77,"column":38},"end":{"line":77,"column":70}}},"17":{"name":"(anonymous_18)","decl":{"start":{"line":80,"column":2},"end":{"line":80,"column":6}},"loc":{"start":{"line":80,"column":13},"end":{"line":84,"column":3}}},"18":{"name":"(anonymous_19)","decl":{"start":{"line":81,"column":29},"end":{"line":81,"column":30}},"loc":{"start":{"line":81,"column":60},"end":{"line":83,"column":5}}},"19":{"name":"(anonymous_20)","decl":{"start":{"line":86,"column":2},"end":{"line":86,"column":6}},"loc":{"start":{"line":86,"column":21},"end":{"line":88,"column":3}}},"20":{"name":"(anonymous_21)","decl":{"start":{"line":90,"column":2},"end":{"line":90,"column":6}},"loc":{"start":{"line":90,"column":18},"end":{"line":92,"column":3}}},"21":{"name":"(anonymous_22)","decl":{"start":{"line":94,"column":2},"end":{"line":94,"column":6}},"loc":{"start":{"line":94,"column":16},"end":{"line":96,"column":3}}}},"branchMap":{"0":{"loc":{"start":{"line":23,"column":35},"end":{"line":23,"column":52}},"type":"cond-expr","locations":[{"start":{"line":23,"column":46},"end":{"line":23,"column":50}},{"start":{"line":23,"column":50},"end":{"line":23,"column":52}}]},"1":{"loc":{"start":{"line":23,"column":35},"end":{"line":23,"column":50}},"type":"binary-expr","locations":[{"start":{"line":23,"column":35},"end":{"line":23,"column":50}},{"start":{"line":23,"column":46},"end":{"line":23,"column":50}}]},"2":{"loc":{"start":{"line":27,"column":4},"end":{"line":29,"column":5}},"type":"if","locations":[{"start":{"line":27,"column":4},"end":{"line":29,"column":5}}]},"3":{"loc":{"start":{"line":35,"column":6},"end":{"line":37,"column":31}},"type":"cond-expr","locations":[{"start":{"line":36,"column":10},"end":{"line":36,"column":79}},{"start":{"line":37,"column":10},"end":{"line":37,"column":31}}]},"4":{"loc":{"start":{"line":61,"column":11},"end":{"line":61,"column":69}},"type":"cond-expr","locations":[{"start":{"line":61,"column":22},"end":{"line":61,"column":26}},{"start":{"line":61,"column":29},"end":{"line":61,"column":69}}]},"5":{"loc":{"start":{"line":67,"column":11},"end":{"line":67,"column":67}},"type":"cond-expr","locations":[{"start":{"line":67,"column":20},"end":{"line":67,"column":24}},{"start":{"line":67,"column":27},"end":{"line":67,"column":67}}]}},"s":{"0":1,"1":1,"2":1,"3":1,"4":1,"5":1,"6":1,"7":30,"8":30,"9":29,"10":27,"11":1,"12":26,"13":160,"14":4,"15":4,"16":28,"17":4,"18":3,"19":25,"20":3,"21":22,"22":3,"23":2,"24":2,"25":3,"26":2,"27":2,"28":2,"29":12,"30":2,"31":2,"32":30,"33":190,"34":30,"35":30,"36":190,"37":37,"38":240,"39":2,"40":6,"41":7,"42":3,"43":3,"44":1},"f":{"0":30,"1":160,"2":4,"3":28,"4":3,"5":25,"6":22,"7":2,"8":2,"9":3,"10":2,"11":12,"12":30,"13":190,"14":190,"15":37,"16":240,"17":2,"18":6,"19":7,"20":3,"21":3},"b":{"0":[29,1],"1":[30,30],"2":[1],"3":[3,1],"4":[1,1],"5":[1,1]}}
,"/home/flavioasp77/formacao-dev/arquiteto/modelagem-dominio/ead/src/error/ErroValidacao.ts": {"path":"/home/flavioasp77/formacao-dev/arquiteto/modelagem-dominio/ead/src/error/ErroValidacao.ts","statementMap":{"0":{"start":{"line":1,"column":0},"end":{"line":1,"column":38}},"1":{"start":{"line":15,"column":8},"end":{"line":15,"column":51}},"2":{"start":{"line":14,"column":25},"end":{"line":14,"column":51}},"3":{"start":{"line":16,"column":8},"end":{"line":16,"column":58}},"4":{"start":{"line":17,"column":8},"end":{"line":17,"column":34}},"5":{"start":{"line":18,"column":8},"end":{"line":18,"column":42}},"6":{"start":{"line":22,"column":8},"end":{"line":22,"column":58}},"7":{"start":{"line":27,"column":8},"end":{"line":27,"column":57}},"8":{"start":{"line":9,"column":0},"end":{"line":9,"column":21}}},"fnMap":{"0":{"name":"(anonymous_1)","decl":{"start":{"line":14,"column":4},"end":{"line":14,"column":25}},"loc":{"start":{"line":14,"column":51},"end":{"line":19,"column":5}}},"1":{"name":"(anonymous_2)","decl":{"start":{"line":21,"column":4},"end":{"line":21,"column":10}},"loc":{"start":{"line":21,"column":58},"end":{"line":23,"column":5}}},"2":{"name":"(anonymous_3)","decl":{"start":{"line":26,"column":4},"end":{"line":26,"column":10}},"loc":{"start":{"line":26,"column":60},"end":{"line":28,"column":5}}}},"branchMap":{"0":{"loc":{"start":{"line":15,"column":14},"end":{"line":15,"column":49}},"type":"cond-expr","locations":[{"start":{"line":15,"column":27},"end":{"line":15,"column":31}},{"start":{"line":15,"column":31},"end":{"line":15,"column":49}}]},"1":{"loc":{"start":{"line":15,"column":14},"end":{"line":15,"column":31}},"type":"binary-expr","locations":[{"start":{"line":15,"column":14},"end":{"line":15,"column":31}},{"start":{"line":15,"column":27},"end":{"line":15,"column":31}}]},"2":{"loc":{"start":{"line":15,"column":14},"end":{"line":15,"column":27}},"type":"cond-expr","locations":[{"start":{"line":15,"column":19},"end":{"line":15,"column":21}},{"start":{"line":15,"column":14},"end":{"line":15,"column":27}}]},"3":{"loc":{"start":{"line":15,"column":14},"end":{"line":15,"column":21}},"type":"binary-expr","locations":[{"start":{"line":15,"column":14},"end":{"line":15,"column":21}},{"start":{"line":15,"column":14},"end":{"line":15,"column":21}}]},"4":{"loc":{"start":{"line":16,"column":22},"end":{"line":16,"column":57}},"type":"cond-expr","locations":[{"start":{"line":16,"column":35},"end":{"line":16,"column":39}},{"start":{"line":16,"column":39},"end":{"line":16,"column":57}}]},"5":{"loc":{"start":{"line":16,"column":22},"end":{"line":16,"column":39}},"type":"binary-expr","locations":[{"start":{"line":16,"column":22},"end":{"line":16,"column":39}},{"start":{"line":16,"column":35},"end":{"line":16,"column":39}}]},"6":{"loc":{"start":{"line":16,"column":22},"end":{"line":16,"column":35}},"type":"cond-expr","locations":[{"start":{"line":16,"column":27},"end":{"line":16,"column":29}},{"start":{"line":16,"column":22},"end":{"line":16,"column":35}}]},"7":{"loc":{"start":{"line":16,"column":22},"end":{"line":16,"column":29}},"type":"binary-expr","locations":[{"start":{"line":16,"column":22},"end":{"line":16,"column":29}},{"start":{"line":16,"column":22},"end":{"line":16,"column":29}}]},"8":{"loc":{"start":{"line":17,"column":21},"end":{"line":17,"column":33}},"type":"cond-expr","locations":[{"start":{"line":17,"column":26},"end":{"line":17,"column":28}},{"start":{"line":17,"column":21},"end":{"line":17,"column":33}}]},"9":{"loc":{"start":{"line":17,"column":21},"end":{"line":17,"column":28}},"type":"binary-expr","locations":[{"start":{"line":17,"column":21},"end":{"line":17,"column":28}},{"start":{"line":17,"column":21},"end":{"line":17,"column":28}}]},"10":{"loc":{"start":{"line":18,"column":22},"end":{"line":18,"column":41}},"type":"cond-expr","locations":[{"start":{"line":18,"column":35},"end":{"line":18,"column":39}},{"start":{"line":18,"column":39},"end":{"line":18,"column":41}}]},"11":{"loc":{"start":{"line":18,"column":22},"end":{"line":18,"column":39}},"type":"binary-expr","locations":[{"start":{"line":18,"column":22},"end":{"line":18,"column":39}},{"start":{"line":18,"column":35},"end":{"line":18,"column":39}}]},"12":{"loc":{"start":{"line":18,"column":22},"end":{"line":18,"column":35}},"type":"cond-expr","locations":[{"start":{"line":18,"column":27},"end":{"line":18,"column":29}},{"start":{"line":18,"column":22},"end":{"line":18,"column":35}}]},"13":{"loc":{"start":{"line":18,"column":22},"end":{"line":18,"column":29}},"type":"binary-expr","locations":[{"start":{"line":18,"column":22},"end":{"line":18,"column":29}},{"start":{"line":18,"column":22},"end":{"line":18,"column":29}}]}},"s":{"0":15,"1":92,"2":92,"3":92,"4":92,"5":92,"6":57,"7":32,"8":15},"f":{"0":92,"1":57,"2":32},"b":{"0":[90,2],"1":[92,92],"2":[1,91],"3":[92,92],"4":[90,2],"5":[92,92],"6":[1,91],"7":[92,92],"8":[1,91],"9":[92,92],"10":[20,72],"11":[92,92],"12":[1,91],"13":[92,92]}}
,"/home/flavioasp77/formacao-dev/arquiteto/modelagem-dominio/ead/src/shared/Duracao.ts": {"path":"/home/flavioasp77/formacao-dev/arquiteto/modelagem-dominio/ead/src/shared/Duracao.ts","statementMap":{"0":{"start":{"line":1,"column":0},"end":{"line":1,"column":38}},"1":{"start":{"line":2,"column":0},"end":{"line":2,"column":50}},"2":{"start":{"line":10,"column":8},"end":{"line":12,"column":9}},"3":{"start":{"line":11,"column":12},"end":{"line":11,"column":57}},"4":{"start":{"line":13,"column":8},"end":{"line":13,"column":38}},"5":{"start":{"line":17,"column":8},"end":{"line":17,"column":61}},"6":{"start":{"line":21,"column":8},"end":{"line":21,"column":50}},"7":{"start":{"line":25,"column":8},"end":{"line":25,"column":35}},"8":{"start":{"line":29,"column":8},"end":{"line":29,"column":50}},"9":{"start":{"line":33,"column":35},"end":{"line":33,"column":46}},"10":{"start":{"line":34,"column":21},"end":{"line":34,"column":54}},"11":{"start":{"line":35,"column":23},"end":{"line":35,"column":58}},"12":{"start":{"line":36,"column":8},"end":{"line":38,"column":9}},"13":{"start":{"line":37,"column":12},"end":{"line":37,"column":41}},"14":{"start":{"line":39,"column":8},"end":{"line":39,"column":28}},"15":{"start":{"line":43,"column":45},"end":{"line":43,"column":56}},"16":{"start":{"line":44,"column":21},"end":{"line":44,"column":54}},"17":{"start":{"line":45,"column":23},"end":{"line":45,"column":58}},"18":{"start":{"line":46,"column":24},"end":{"line":46,"column":60}},"19":{"start":{"line":47,"column":8},"end":{"line":49,"column":9}},"20":{"start":{"line":48,"column":12},"end":{"line":48,"column":53}},"21":{"start":{"line":50,"column":8},"end":{"line":52,"column":9}},"22":{"start":{"line":51,"column":12},"end":{"line":51,"column":44}},"23":{"start":{"line":53,"column":8},"end":{"line":53,"column":29}},"24":{"start":{"line":57,"column":8},"end":{"line":61,"column":null}},"25":{"start":{"line":5,"column":20},"end":{"line":5,"column":43}},"26":{"start":{"line":6,"column":20},"end":{"line":6,"column":44}},"27":{"start":{"line":4,"column":21},"end":{"line":4,"column":null}}},"fnMap":{"0":{"name":"(anonymous_1)","decl":{"start":{"line":9,"column":4},"end":{"line":9,"column":16}},"loc":{"start":{"line":9,"column":33},"end":{"line":14,"column":5}}},"1":{"name":"(anonymous_2)","decl":{"start":{"line":16,"column":4},"end":{"line":16,"column":9}},"loc":{"start":{"line":16,"column":26},"end":{"line":18,"column":5}}},"2":{"name":"(anonymous_3)","decl":{"start":{"line":20,"column":4},"end":{"line":20,"column":9}},"loc":{"start":{"line":20,"column":26},"end":{"line":22,"column":5}}},"3":{"name":"(anonymous_4)","decl":{"start":{"line":24,"column":4},"end":{"line":24,"column":8}},"loc":{"start":{"line":24,"column":14},"end":{"line":26,"column":5}}},"4":{"name":"(anonymous_5)","decl":{"start":{"line":28,"column":4},"end":{"line":28,"column":13}},"loc":{"start":{"line":28,"column":30},"end":{"line":30,"column":5}}},"5":{"name":"(anonymous_6)","decl":{"start":{"line":32,"column":4},"end":{"line":32,"column":8}},"loc":{"start":{"line":32,"column":10},"end":{"line":40,"column":5}}},"6":{"name":"(anonymous_7)","decl":{"start":{"line":42,"column":4},"end":{"line":42,"column":8}},"loc":{"start":{"line":42,"column":11},"end":{"line":54,"column":5}}},"7":{"name":"(anonymous_8)","decl":{"start":{"line":56,"column":4},"end":{"line":56,"column":8}},"loc":{"start":{"line":56,"column":14},"end":{"line":62,"column":5}}}},"branchMap":{"0":{"loc":{"start":{"line":10,"column":8},"end":{"line":12,"column":9}},"type":"if","locations":[{"start":{"line":10,"column":8},"end":{"line":12,"column":9}}]},"1":{"loc":{"start":{"line":10,"column":12},"end":{"line":10,"column":36}},"type":"binary-expr","locations":[{"start":{"line":10,"column":12},"end":{"line":10,"column":20}},{"start":{"line":10,"column":24},"end":{"line":10,"column":36}}]},"2":{"loc":{"start":{"line":13,"column":24},"end":{"line":13,"column":37}},"type":"cond-expr","locations":[{"start":{"line":13,"column":24},"end":{"line":13,"column":32}},{"start":{"line":13,"column":36},"end":{"line":13,"column":37}}]},"3":{"loc":{"start":{"line":13,"column":24},"end":{"line":13,"column":36}},"type":"binary-expr","locations":[{"start":{"line":13,"column":24},"end":{"line":13,"column":36}},{"start":{"line":13,"column":24},"end":{"line":13,"column":36}}]},"4":{"loc":{"start":{"line":36,"column":8},"end":{"line":38,"column":9}},"type":"if","locations":[{"start":{"line":36,"column":8},"end":{"line":38,"column":9}}]},"5":{"loc":{"start":{"line":47,"column":8},"end":{"line":49,"column":9}},"type":"if","locations":[{"start":{"line":47,"column":8},"end":{"line":49,"column":9}}]},"6":{"loc":{"start":{"line":50,"column":8},"end":{"line":52,"column":9}},"type":"if","locations":[{"start":{"line":50,"column":8},"end":{"line":52,"column":9}}]}},"s":{"0":3,"1":3,"2":846,"3":1,"4":845,"5":8,"6":2,"7":817,"8":2,"9":6,"10":6,"11":6,"12":6,"13":4,"14":2,"15":5,"16":5,"17":5,"18":5,"19":5,"20":2,"21":3,"22":1,"23":2,"24":11,"25":3,"26":3,"27":3},"f":{"0":846,"1":8,"2":2,"3":817,"4":2,"5":6,"6":5,"7":11},"b":{"0":[1],"1":[846,838],"2":[840,5],"3":[845,845],"4":[4],"5":[2],"6":[1]}}
,"/home/flavioasp77/formacao-dev/arquiteto/modelagem-dominio/ead/src/shared/Email.ts": {"path":"/home/flavioasp77/formacao-dev/arquiteto/modelagem-dominio/ead/src/shared/Email.ts","statementMap":{"0":{"start":{"line":1,"column":0},"end":{"line":1,"column":38}},"1":{"start":{"line":2,"column":0},"end":{"line":2,"column":50}},"2":{"start":{"line":10,"column":8},"end":{"line":10,"column":41}},"3":{"start":{"line":12,"column":8},"end":{"line":14,"column":9}},"4":{"start":{"line":13,"column":12},"end":{"line":13,"column":55}},"5":{"start":{"line":18,"column":8},"end":{"line":18,"column":40}},"6":{"start":{"line":23,"column":8},"end":{"line":23,"column":40}},"7":{"start":{"line":27,"column":8},"end":{"line":27,"column":39}},"8":{"start":{"line":5,"column":20},"end":{"line":5,"column":58}},"9":{"start":{"line":4,"column":21},"end":{"line":4,"column":null}}},"fnMap":{"0":{"name":"(anonymous_1)","decl":{"start":{"line":9,"column":4},"end":{"line":9,"column":16}},"loc":{"start":{"line":9,"column":30},"end":{"line":15,"column":5}}},"1":{"name":"(anonymous_2)","decl":{"start":{"line":17,"column":4},"end":{"line":17,"column":8}},"loc":{"start":{"line":17,"column":15},"end":{"line":19,"column":5}}},"2":{"name":"(anonymous_3)","decl":{"start":{"line":22,"column":4},"end":{"line":22,"column":8}},"loc":{"start":{"line":22,"column":15},"end":{"line":24,"column":5}}},"3":{"name":"(anonymous_4)","decl":{"start":{"line":26,"column":4},"end":{"line":26,"column":10}},"loc":{"start":{"line":26,"column":33},"end":{"line":28,"column":5}}}},"branchMap":{"0":{"loc":{"start":{"line":10,"column":21},"end":{"line":10,"column":40}},"type":"cond-expr","locations":[{"start":{"line":10,"column":34},"end":{"line":10,"column":38}},{"start":{"line":10,"column":38},"end":{"line":10,"column":40}}]},"1":{"loc":{"start":{"line":10,"column":21},"end":{"line":10,"column":38}},"type":"binary-expr","locations":[{"start":{"line":10,"column":21},"end":{"line":10,"column":38}},{"start":{"line":10,"column":34},"end":{"line":10,"column":38}}]},"2":{"loc":{"start":{"line":10,"column":21},"end":{"line":10,"column":34}},"type":"cond-expr","locations":[{"start":{"line":10,"column":26},"end":{"line":10,"column":28}},{"start":{"line":10,"column":21},"end":{"line":10,"column":34}}]},"3":{"loc":{"start":{"line":10,"column":21},"end":{"line":10,"column":28}},"type":"binary-expr","locations":[{"start":{"line":10,"column":21},"end":{"line":10,"column":28}},{"start":{"line":10,"column":21},"end":{"line":10,"column":28}}]},"4":{"loc":{"start":{"line":12,"column":8},"end":{"line":14,"column":9}},"type":"if","locations":[{"start":{"line":12,"column":8},"end":{"line":14,"column":9}}]}},"s":{"0":2,"1":2,"2":11,"3":11,"4":3,"5":1,"6":1,"7":11,"8":2,"9":2},"f":{"0":11,"1":1,"2":1,"3":11},"b":{"0":[9,2],"1":[11,11],"2":[2,9],"3":[11,11],"4":[3]}}
,"/home/flavioasp77/formacao-dev/arquiteto/modelagem-dominio/ead/src/shared/Entidade.ts": {"path":"/home/flavioasp77/formacao-dev/arquiteto/modelagem-dominio/ead/src/shared/Entidade.ts","statementMap":{"0":{"start":{"line":1,"column":0},"end":{"line":1,"column":29}},"1":{"start":{"line":12,"column":8},"end":{"line":12,"column":35}},"2":{"start":{"line":13,"column":8},"end":{"line":13,"column":51}},"3":{"start":{"line":17,"column":8},"end":{"line":17,"column":48}},"4":{"start":{"line":21,"column":8},"end":{"line":21,"column":50}},"5":{"start":{"line":25,"column":8},"end":{"line":25,"column":87}},"6":{"start":{"line":7,"column":0},"end":{"line":7,"column":30}}},"fnMap":{"0":{"name":"(anonymous_1)","decl":{"start":{"line":11,"column":4},"end":{"line":11,"column":16}},"loc":{"start":{"line":11,"column":28},"end":{"line":14,"column":5}}},"1":{"name":"(anonymous_2)","decl":{"start":{"line":16,"column":4},"end":{"line":16,"column":9}},"loc":{"start":{"line":16,"column":46},"end":{"line":18,"column":5}}},"2":{"name":"(anonymous_3)","decl":{"start":{"line":20,"column":4},"end":{"line":20,"column":13}},"loc":{"start":{"line":20,"column":50},"end":{"line":22,"column":5}}},"3":{"name":"(anonymous_4)","decl":{"start":{"line":24,"column":4},"end":{"line":24,"column":9}},"loc":{"start":{"line":24,"column":41},"end":{"line":26,"column":5}}}},"branchMap":{"0":{"loc":{"start":{"line":17,"column":29},"end":{"line":17,"column":46}},"type":"cond-expr","locations":[{"start":{"line":17,"column":42},"end":{"line":17,"column":44}},{"start":{"line":17,"column":29},"end":{"line":17,"column":46}}]},"1":{"loc":{"start":{"line":17,"column":29},"end":{"line":17,"column":44}},"type":"binary-expr","locations":[{"start":{"line":17,"column":29},"end":{"line":17,"column":44}},{"start":{"line":17,"column":29},"end":{"line":17,"column":44}}]},"2":{"loc":{"start":{"line":21,"column":31},"end":{"line":21,"column":48}},"type":"cond-expr","locations":[{"start":{"line":21,"column":44},"end":{"line":21,"column":46}},{"start":{"line":21,"column":31},"end":{"line":21,"column":48}}]},"3":{"loc":{"start":{"line":21,"column":31},"end":{"line":21,"column":46}},"type":"binary-expr","locations":[{"start":{"line":21,"column":31},"end":{"line":21,"column":46}},{"start":{"line":21,"column":31},"end":{"line":21,"column":46}}]}},"s":{"0":4,"1":867,"2":867,"3":19,"4":29,"5":249,"6":4},"f":{"0":867,"1":19,"2":29,"3":249},"b":{"0":[2,17],"1":[19,18],"2":[2,27],"3":[29,28]}}
,"/home/flavioasp77/formacao-dev/arquiteto/modelagem-dominio/ead/src/shared/Id.ts": {"path":"/home/flavioasp77/formacao-dev/arquiteto/modelagem-dominio/ead/src/shared/Id.ts","statementMap":{"0":{"start":{"line":1,"column":0},"end":{"line":1,"column":38}},"1":{"start":{"line":2,"column":0},"end":{"line":2,"column":50}},"2":{"start":{"line":3,"column":0},"end":{"line":3,"column":44}},"3":{"start":{"line":11,"column":8},"end":{"line":11,"column":37}},"4":{"start":{"line":12,"column":8},"end":{"line":12,"column":27}},"5":{"start":{"line":14,"column":8},"end":{"line":16,"column":9}},"6":{"start":{"line":15,"column":12},"end":{"line":15,"column":64}},"7":{"start":{"line":20,"column":8},"end":{"line":20,"column":24}},"8":{"start":{"line":24,"column":8},"end":{"line":24,"column":null}},"9":{"start":{"line":28,"column":8},"end":{"line":28,"column":null}},"10":{"start":{"line":6,"column":0},"end":{"line":6,"column":21}}},"fnMap":{"0":{"name":"(anonymous_1)","decl":{"start":{"line":10,"column":4},"end":{"line":10,"column":16}},"loc":{"start":{"line":10,"column":30},"end":{"line":17,"column":5}}},"1":{"name":"(anonymous_2)","decl":{"start":{"line":19,"column":4},"end":{"line":19,"column":10}},"loc":{"start":{"line":19,"column":19},"end":{"line":21,"column":5}}},"2":{"name":"(anonymous_3)","decl":{"start":{"line":23,"column":4},"end":{"line":23,"column":9}},"loc":{"start":{"line":23,"column":16},"end":{"line":25,"column":5}}},"3":{"name":"(anonymous_4)","decl":{"start":{"line":27,"column":4},"end":{"line":27,"column":11}},"loc":{"start":{"line":27,"column":18},"end":{"line":29,"column":5}}}},"branchMap":{"0":{"loc":{"start":{"line":11,"column":21},"end":{"line":11,"column":36}},"type":"cond-expr","locations":[{"start":{"line":11,"column":21},"end":{"line":11,"column":26}},{"start":{"line":11,"column":30},"end":{"line":11,"column":36}}]},"1":{"loc":{"start":{"line":11,"column":21},"end":{"line":11,"column":30}},"type":"binary-expr","locations":[{"start":{"line":11,"column":21},"end":{"line":11,"column":30}},{"start":{"line":11,"column":21},"end":{"line":11,"column":30}}]},"2":{"loc":{"start":{"line":14,"column":8},"end":{"line":16,"column":9}},"type":"if","locations":[{"start":{"line":14,"column":8},"end":{"line":16,"column":9}}]},"3":{"loc":{"start":{"line":24,"column":30},"end":{"line":24,"column":39}},"type":"cond-expr","locations":[{"start":{"line":24,"column":32},"end":{"line":24,"column":34}},{"start":{"line":24,"column":30},"end":{"line":24,"column":39}}]},"4":{"loc":{"start":{"line":24,"column":30},"end":{"line":24,"column":34}},"type":"binary-expr","locations":[{"start":{"line":24,"column":30},"end":{"line":24,"column":34}},{"start":{"line":24,"column":30},"end":{"line":24,"column":34}}]},"5":{"loc":{"start":{"line":28,"column":30},"end":{"line":28,"column":39}},"type":"cond-expr","locations":[{"start":{"line":28,"column":32},"end":{"line":28,"column":34}},{"start":{"line":28,"column":30},"end":{"line":28,"column":39}}]},"6":{"loc":{"start":{"line":28,"column":30},"end":{"line":28,"column":34}},"type":"binary-expr","locations":[{"start":{"line":28,"column":30},"end":{"line":28,"column":34}},{"start":{"line":28,"column":30},"end":{"line":28,"column":34}}]}},"s":{"0":5,"1":5,"2":5,"3":881,"4":881,"5":881,"6":1,"7":7,"8":22,"9":33,"10":5},"f":{"0":881,"1":7,"2":22,"3":33},"b":{"0":[604,277],"1":[881,881],"2":[1],"3":[3,19],"4":[22,22],"5":[3,30],"6":[33,33]}}
,"/home/flavioasp77/formacao-dev/arquiteto/modelagem-dominio/ead/src/shared/NomePessoa.ts": {"path":"/home/flavioasp77/formacao-dev/arquiteto/modelagem-dominio/ead/src/shared/NomePessoa.ts","statementMap":{"0":{"start":{"line":1,"column":0},"end":{"line":1,"column":42}},"1":{"start":{"line":2,"column":0},"end":{"line":2,"column":38}},"2":{"start":{"line":7,"column":8},"end":{"line":7,"column":39}},"3":{"start":{"line":9,"column":22},"end":{"line":14,"column":null}},"4":{"start":{"line":17,"column":8},"end":{"line":19,"column":9}},"5":{"start":{"line":18,"column":12},"end":{"line":18,"column":24}},"6":{"start":{"line":23,"column":8},"end":{"line":23,"column":25}},"7":{"start":{"line":27,"column":8},"end":{"line":27,"column":39}},"8":{"start":{"line":31,"column":8},"end":{"line":31,"column":45}},"9":{"start":{"line":35,"column":8},"end":{"line":35,"column":52}},"10":{"start":{"line":4,"column":0},"end":{"line":4,"column":21}}},"fnMap":{"0":{"name":"(anonymous_1)","decl":{"start":{"line":6,"column":5},"end":{"line":6,"column":17}},"loc":{"start":{"line":6,"column":30},"end":{"line":20,"column":6}}},"1":{"name":"(anonymous_2)","decl":{"start":{"line":22,"column":5},"end":{"line":22,"column":9}},"loc":{"start":{"line":22,"column":17},"end":{"line":24,"column":5}}},"2":{"name":"(anonymous_3)","decl":{"start":{"line":26,"column":4},"end":{"line":26,"column":8}},"loc":{"start":{"line":26,"column":20},"end":{"line":28,"column":5}}},"3":{"name":"(anonymous_4)","decl":{"start":{"line":30,"column":4},"end":{"line":30,"column":8}},"loc":{"start":{"line":30,"column":18},"end":{"line":32,"column":5}}},"4":{"name":"(anonymous_5)","decl":{"start":{"line":34,"column":4},"end":{"line":34,"column":8}},"loc":{"start":{"line":34,"column":23},"end":{"line":36,"column":5}}}},"branchMap":{"0":{"loc":{"start":{"line":7,"column":20},"end":{"line":7,"column":38}},"type":"cond-expr","locations":[{"start":{"line":7,"column":32},"end":{"line":7,"column":36}},{"start":{"line":7,"column":36},"end":{"line":7,"column":38}}]},"1":{"loc":{"start":{"line":7,"column":20},"end":{"line":7,"column":36}},"type":"binary-expr","locations":[{"start":{"line":7,"column":20},"end":{"line":7,"column":36}},{"start":{"line":7,"column":32},"end":{"line":7,"column":36}}]},"2":{"loc":{"start":{"line":7,"column":20},"end":{"line":7,"column":32}},"type":"cond-expr","locations":[{"start":{"line":7,"column":24},"end":{"line":7,"column":26}},{"start":{"line":7,"column":20},"end":{"line":7,"column":32}}]},"3":{"loc":{"start":{"line":7,"column":20},"end":{"line":7,"column":26}},"type":"binary-expr","locations":[{"start":{"line":7,"column":20},"end":{"line":7,"column":26}},{"start":{"line":7,"column":20},"end":{"line":7,"column":26}}]},"4":{"loc":{"start":{"line":17,"column":8},"end":{"line":19,"column":9}},"type":"if","locations":[{"start":{"line":17,"column":8},"end":{"line":19,"column":9}}]}},"s":{"0":2,"1":2,"2":17,"3":17,"4":17,"5":9,"6":3,"7":1,"8":1,"9":1,"10":2},"f":{"0":17,"1":3,"2":1,"3":1,"4":1},"b":{"0":[14,3],"1":[17,17],"2":[3,14],"3":[17,17],"4":[9]}}
,"/home/flavioasp77/formacao-dev/arquiteto/modelagem-dominio/ead/src/shared/NomeSimples.ts": {"path":"/home/flavioasp77/formacao-dev/arquiteto/modelagem-dominio/ead/src/shared/NomeSimples.ts","statementMap":{"0":{"start":{"line":1,"column":0},"end":{"line":1,"column":38}},"1":{"start":{"line":2,"column":0},"end":{"line":2,"column":42}},"2":{"start":{"line":8,"column":8},"end":{"line":8,"column":41}},"3":{"start":{"line":10,"column":22},"end":{"line":13,"column":null}},"4":{"start":{"line":16,"column":8},"end":{"line":18,"column":9}},"5":{"start":{"line":17,"column":12},"end":{"line":17,"column":24}},"6":{"start":{"line":22,"column":8},"end":{"line":22,"column":26}},"7":{"start":{"line":26,"column":34},"end":{"line":28,"column":9}},"8":{"start":{"line":27,"column":11},"end":{"line":27,"column":87}},"9":{"start":{"line":30,"column":8},"end":{"line":30,"column":70}},"10":{"start":{"line":4,"column":0},"end":{"line":4,"column":21}}},"fnMap":{"0":{"name":"(anonymous_1)","decl":{"start":{"line":7,"column":4},"end":{"line":7,"column":16}},"loc":{"start":{"line":7,"column":61},"end":{"line":19,"column":5}}},"1":{"name":"(anonymous_2)","decl":{"start":{"line":21,"column":4},"end":{"line":21,"column":8}},"loc":{"start":{"line":21,"column":16},"end":{"line":23,"column":5}}},"2":{"name":"(anonymous_3)","decl":{"start":{"line":25,"column":4},"end":{"line":25,"column":8}},"loc":{"start":{"line":25,"column":18},"end":{"line":31,"column":5}}},"3":{"name":"(anonymous_4)","decl":{"start":{"line":26,"column":34},"end":{"line":26,"column":35}},"loc":{"start":{"line":26,"column":54},"end":{"line":28,"column":9}}}},"branchMap":{"0":{"loc":{"start":{"line":8,"column":21},"end":{"line":8,"column":40}},"type":"cond-expr","locations":[{"start":{"line":8,"column":34},"end":{"line":8,"column":38}},{"start":{"line":8,"column":38},"end":{"line":8,"column":40}}]},"1":{"loc":{"start":{"line":8,"column":21},"end":{"line":8,"column":38}},"type":"binary-expr","locations":[{"start":{"line":8,"column":21},"end":{"line":8,"column":38}},{"start":{"line":8,"column":34},"end":{"line":8,"column":38}}]},"2":{"loc":{"start":{"line":8,"column":21},"end":{"line":8,"column":34}},"type":"cond-expr","locations":[{"start":{"line":8,"column":26},"end":{"line":8,"column":28}},{"start":{"line":8,"column":21},"end":{"line":8,"column":34}}]},"3":{"loc":{"start":{"line":8,"column":21},"end":{"line":8,"column":28}},"type":"binary-expr","locations":[{"start":{"line":8,"column":21},"end":{"line":8,"column":28}},{"start":{"line":8,"column":21},"end":{"line":8,"column":28}}]},"4":{"loc":{"start":{"line":16,"column":8},"end":{"line":18,"column":9}},"type":"if","locations":[{"start":{"line":16,"column":8},"end":{"line":18,"column":9}}]}},"s":{"0":3,"1":3,"2":856,"3":856,"4":856,"5":8,"6":10,"7":1,"8":2,"9":1,"10":3},"f":{"0":856,"1":10,"2":1,"3":2},"b":{"0":[852,4],"1":[856,856],"2":[4,852],"3":[856,856],"4":[8]}}
,"/home/flavioasp77/formacao-dev/arquiteto/modelagem-dominio/ead/src/shared/Ordem.ts": {"path":"/home/flavioasp77/formacao-dev/arquiteto/modelagem-dominio/ead/src/shared/Ordem.ts","statementMap":{"0":{"start":{"line":1,"column":0},"end":{"line":1,"column":38}},"1":{"start":{"line":2,"column":0},"end":{"line":2,"column":50}},"2":{"start":{"line":5,"column":25},"end":{"line":5,"column":41}},"3":{"start":{"line":6,"column":8},"end":{"line":8,"column":9}},"4":{"start":{"line":7,"column":12},"end":{"line":7,"column":55}},"5":{"start":{"line":12,"column":8},"end":{"line":12,"column":47}},"6":{"start":{"line":16,"column":8},"end":{"line":16,"column":47}},"7":{"start":{"line":20,"column":8},"end":{"line":22,"column":9}},"8":{"start":{"line":21,"column":12},"end":{"line":21,"column":21}},"9":{"start":{"line":24,"column":8},"end":{"line":24,"column":54}},"10":{"start":{"line":28,"column":8},"end":{"line":28,"column":41}},"11":{"start":{"line":4,"column":0},"end":{"line":4,"column":21}}},"fnMap":{"0":{"name":"(anonymous_1)","decl":{"start":{"line":5,"column":4},"end":{"line":5,"column":25}},"loc":{"start":{"line":5,"column":42},"end":{"line":9,"column":5}}},"1":{"name":"(anonymous_2)","decl":{"start":{"line":11,"column":4},"end":{"line":11,"column":9}},"loc":{"start":{"line":11,"column":27},"end":{"line":13,"column":5}}},"2":{"name":"(anonymous_3)","decl":{"start":{"line":15,"column":4},"end":{"line":15,"column":13}},"loc":{"start":{"line":15,"column":31},"end":{"line":17,"column":5}}},"3":{"name":"(anonymous_4)","decl":{"start":{"line":19,"column":4},"end":{"line":19,"column":12}},"loc":{"start":{"line":19,"column":30},"end":{"line":25,"column":5}}},"4":{"name":"(anonymous_5)","decl":{"start":{"line":27,"column":4},"end":{"line":27,"column":10}},"loc":{"start":{"line":27,"column":59},"end":{"line":29,"column":5}}}},"branchMap":{"0":{"loc":{"start":{"line":5,"column":25},"end":{"line":5,"column":42}},"type":"default-arg","locations":[{"start":{"line":5,"column":41},"end":{"line":5,"column":42}}]},"1":{"loc":{"start":{"line":6,"column":8},"end":{"line":8,"column":9}},"type":"if","locations":[{"start":{"line":6,"column":8},"end":{"line":8,"column":9}}]},"2":{"loc":{"start":{"line":20,"column":8},"end":{"line":22,"column":9}},"type":"if","locations":[{"start":{"line":20,"column":8},"end":{"line":22,"column":9}}]},"3":{"loc":{"start":{"line":24,"column":15},"end":{"line":24,"column":53}},"type":"cond-expr","locations":[{"start":{"line":24,"column":47},"end":{"line":24,"column":48}},{"start":{"line":24,"column":51},"end":{"line":24,"column":53}}]}},"s":{"0":3,"1":3,"2":860,"3":860,"4":6,"5":170,"6":2,"7":168,"8":7,"9":161,"10":165,"11":3},"f":{"0":860,"1":170,"2":2,"3":168,"4":165},"b":{"0":[2],"1":[6],"2":[7],"3":[158,3]}}
,"/home/flavioasp77/formacao-dev/arquiteto/modelagem-dominio/ead/src/shared/SenhaForte.ts": {"path":"/home/flavioasp77/formacao-dev/arquiteto/modelagem-dominio/ead/src/shared/SenhaForte.ts","statementMap":{"0":{"start":{"line":1,"column":0},"end":{"line":1,"column":38}},"1":{"start":{"line":2,"column":0},"end":{"line":2,"column":50}},"2":{"start":{"line":7,"column":25},"end":{"line":7,"column":39}},"3":{"start":{"line":8,"column":8},"end":{"line":10,"column":9}},"4":{"start":{"line":9,"column":12},"end":{"line":9,"column":52}},"5":{"start":{"line":14,"column":8},"end":{"line":14,"column":37}},"6":{"start":{"line":5,"column":20},"end":{"line":5,"column":92}},"7":{"start":{"line":4,"column":21},"end":{"line":4,"column":null}}},"fnMap":{"0":{"name":"(anonymous_1)","decl":{"start":{"line":7,"column":4},"end":{"line":7,"column":25}},"loc":{"start":{"line":7,"column":39},"end":{"line":11,"column":5}}},"1":{"name":"(anonymous_2)","decl":{"start":{"line":13,"column":4},"end":{"line":13,"column":10}},"loc":{"start":{"line":13,"column":33},"end":{"line":15,"column":5}}}},"branchMap":{"0":{"loc":{"start":{"line":8,"column":8},"end":{"line":10,"column":9}},"type":"if","locations":[{"start":{"line":8,"column":8},"end":{"line":10,"column":9}}]},"1":{"loc":{"start":{"line":8,"column":33},"end":{"line":8,"column":44}},"type":"cond-expr","locations":[{"start":{"line":8,"column":33},"end":{"line":8,"column":38}},{"start":{"line":8,"column":42},"end":{"line":8,"column":44}}]},"2":{"loc":{"start":{"line":8,"column":33},"end":{"line":8,"column":42}},"type":"binary-expr","locations":[{"start":{"line":8,"column":33},"end":{"line":8,"column":42}},{"start":{"line":8,"column":33},"end":{"line":8,"column":42}}]}},"s":{"0":1,"1":1,"2":7,"3":7,"4":6,"5":7,"6":1,"7":1},"f":{"0":7,"1":7},"b":{"0":[6],"1":[6,1],"2":[7,7]}}
,"/home/flavioasp77/formacao-dev/arquiteto/modelagem-dominio/ead/src/shared/SenhaHash.ts": {"path":"/home/flavioasp77/formacao-dev/arquiteto/modelagem-dominio/ead/src/shared/SenhaHash.ts","statementMap":{"0":{"start":{"line":1,"column":0},"end":{"line":1,"column":38}},"1":{"start":{"line":2,"column":0},"end":{"line":2,"column":50}},"2":{"start":{"line":7,"column":25},"end":{"line":7,"column":39}},"3":{"start":{"line":8,"column":8},"end":{"line":10,"column":9}},"4":{"start":{"line":9,"column":12},"end":{"line":9,"column":67}},"5":{"start":{"line":14,"column":8},"end":{"line":14,"column":42}},"6":{"start":{"line":5,"column":20},"end":{"line":5,"column":72}},"7":{"start":{"line":4,"column":21},"end":{"line":4,"column":null}}},"fnMap":{"0":{"name":"(anonymous_1)","decl":{"start":{"line":7,"column":4},"end":{"line":7,"column":25}},"loc":{"start":{"line":7,"column":39},"end":{"line":11,"column":5}}},"1":{"name":"(anonymous_2)","decl":{"start":{"line":13,"column":4},"end":{"line":13,"column":10}},"loc":{"start":{"line":13,"column":32},"end":{"line":15,"column":5}}}},"branchMap":{"0":{"loc":{"start":{"line":8,"column":8},"end":{"line":10,"column":9}},"type":"if","locations":[{"start":{"line":8,"column":8},"end":{"line":10,"column":9}}]},"1":{"loc":{"start":{"line":8,"column":12},"end":{"line":8,"column":48}},"type":"binary-expr","locations":[{"start":{"line":8,"column":12},"end":{"line":8,"column":18}},{"start":{"line":8,"column":22},"end":{"line":8,"column":48}}]}},"s":{"0":2,"1":2,"2":14,"3":14,"4":6,"5":12,"6":2,"7":2},"f":{"0":14,"1":12},"b":{"0":[6],"1":[14,12]}}
,"/home/flavioasp77/formacao-dev/arquiteto/modelagem-dominio/ead/src/shared/Url.ts": {"path":"/home/flavioasp77/formacao-dev/arquiteto/modelagem-dominio/ead/src/shared/Url.ts","statementMap":{"0":{"start":{"line":1,"column":0},"end":{"line":1,"column":38}},"1":{"start":{"line":2,"column":0},"end":{"line":2,"column":50}},"2":{"start":{"line":9,"column":8},"end":{"line":9,"column":33}},"3":{"start":{"line":11,"column":8},"end":{"line":13,"column":9}},"4":{"start":{"line":12,"column":12},"end":{"line":12,"column":53}},"5":{"start":{"line":15,"column":8},"end":{"line":15,"column":39}},"6":{"start":{"line":20,"column":8},"end":{"line":25,"column":9}},"7":{"start":{"line":21,"column":12},"end":{"line":21,"column":27}},"8":{"start":{"line":22,"column":12},"end":{"line":22,"column":24}},"9":{"start":{"line":24,"column":12},"end":{"line":24,"column":25}},"10":{"start":{"line":29,"column":8},"end":{"line":29,"column":33}},"11":{"start":{"line":33,"column":8},"end":{"line":33,"column":33}},"12":{"start":{"line":37,"column":8},"end":{"line":37,"column":null}},"13":{"start":{"line":41,"column":23},"end":{"line":41,"column":66}},"14":{"start":{"line":42,"column":8},"end":{"line":45,"column":22}},"15":{"start":{"line":43,"column":35},"end":{"line":43,"column":51}},"16":{"start":{"line":44,"column":12},"end":{"line":44,"column":49}},"17":{"start":{"line":4,"column":0},"end":{"line":4,"column":21}}},"fnMap":{"0":{"name":"(anonymous_1)","decl":{"start":{"line":8,"column":4},"end":{"line":8,"column":16}},"loc":{"start":{"line":8,"column":30},"end":{"line":17,"column":5}}},"1":{"name":"(anonymous_2)","decl":{"start":{"line":19,"column":4},"end":{"line":19,"column":10}},"loc":{"start":{"line":19,"column":33},"end":{"line":26,"column":5}}},"2":{"name":"(anonymous_3)","decl":{"start":{"line":28,"column":4},"end":{"line":28,"column":8}},"loc":{"start":{"line":28,"column":17},"end":{"line":30,"column":5}}},"3":{"name":"(anonymous_4)","decl":{"start":{"line":32,"column":4},"end":{"line":32,"column":8}},"loc":{"start":{"line":32,"column":15},"end":{"line":34,"column":5}}},"4":{"name":"(anonymous_5)","decl":{"start":{"line":36,"column":4},"end":{"line":36,"column":8}},"loc":{"start":{"line":36,"column":15},"end":{"line":38,"column":5}}},"5":{"name":"(anonymous_6)","decl":{"start":{"line":40,"column":4},"end":{"line":40,"column":8}},"loc":{"start":{"line":40,"column":18},"end":{"line":46,"column":5}}},"6":{"name":"(anonymous_7)","decl":{"start":{"line":42,"column":29},"end":{"line":42,"column":30}},"loc":{"start":{"line":42,"column":50},"end":{"line":45,"column":9}}}},"branchMap":{"0":{"loc":{"start":{"line":9,"column":21},"end":{"line":9,"column":32}},"type":"cond-expr","locations":[{"start":{"line":9,"column":21},"end":{"line":9,"column":26}},{"start":{"line":9,"column":30},"end":{"line":9,"column":32}}]},"1":{"loc":{"start":{"line":9,"column":21},"end":{"line":9,"column":30}},"type":"binary-expr","locations":[{"start":{"line":9,"column":21},"end":{"line":9,"column":30}},{"start":{"line":9,"column":21},"end":{"line":9,"column":30}}]},"2":{"loc":{"start":{"line":11,"column":8},"end":{"line":13,"column":9}},"type":"if","locations":[{"start":{"line":11,"column":8},"end":{"line":13,"column":9}}]}},"s":{"0":3,"1":3,"2":826,"3":826,"4":5,"5":821,"6":826,"7":826,"8":821,"9":5,"10":1,"11":1,"12":1,"13":3,"14":3,"15":6,"16":6,"17":3},"f":{"0":826,"1":826,"2":1,"3":1,"4":1,"5":3,"6":6},"b":{"0":[824,2],"1":[826,826],"2":[5]}}
,"/home/flavioasp77/formacao-dev/arquiteto/modelagem-dominio/ead/src/usuario/Usuario.ts": {"path":"/home/flavioasp77/formacao-dev/arquiteto/modelagem-dominio/ead/src/usuario/Usuario.ts","statementMap":{"0":{"start":{"line":1,"column":0},"end":{"line":1,"column":35}},"1":{"start":{"line":2,"column":0},"end":{"line":2,"column":60}},"2":{"start":{"line":3,"column":0},"end":{"line":3,"column":45}},"3":{"start":{"line":4,"column":0},"end":{"line":4,"column":43}},"4":{"start":{"line":18,"column":8},"end":{"line":18,"column":21}},"5":{"start":{"line":19,"column":8},"end":{"line":19,"column":47}},"6":{"start":{"line":20,"column":8},"end":{"line":20,"column":44}},"7":{"start":{"line":21,"column":8},"end":{"line":23,"column":9}},"8":{"start":{"line":22,"column":12},"end":{"line":22,"column":52}},"9":{"start":{"line":12,"column":0},"end":{"line":12,"column":21}}},"fnMap":{"0":{"name":"(anonymous_1)","decl":{"start":{"line":17,"column":4},"end":{"line":17,"column":16}},"loc":{"start":{"line":17,"column":35},"end":{"line":24,"column":5}}}},"branchMap":{"0":{"loc":{"start":{"line":21,"column":8},"end":{"line":23,"column":9}},"type":"if","locations":[{"start":{"line":21,"column":8},"end":{"line":23,"column":9}}]}},"s":{"0":1,"1":1,"2":1,"3":1,"4":8,"5":8,"6":6,"7":5,"8":4,"9":1},"f":{"0":8},"b":{"0":[4]}}
,"/home/flavioasp77/formacao-dev/arquiteto/modelagem-dominio/ead/src/utils/Validador.ts": {"path":"/home/flavioasp77/formacao-dev/arquiteto/modelagem-dominio/ead/src/utils/Validador.ts","statementMap":{"0":{"start":{"line":1,"column":0},"end":{"line":1,"column":50}},"1":{"start":{"line":6,"column":31},"end":{"line":6,"column":87}},"2":{"start":{"line":6,"column":54},"end":{"line":6,"column":67}},"3":{"start":{"line":7,"column":8},"end":{"line":7,"column":65}},"4":{"start":{"line":11,"column":8},"end":{"line":11,"column":94}},"5":{"start":{"line":15,"column":8},"end":{"line":17,"column":9}},"6":{"start":{"line":16,"column":12},"end":{"line":16,"column":51}},"7":{"start":{"line":19,"column":8},"end":{"line":19,"column":77}},"8":{"start":{"line":23,"column":8},"end":{"line":23,"column":109}},"9":{"start":{"line":28,"column":8},"end":{"line":28,"column":110}},"10":{"start":{"line":32,"column":8},"end":{"line":32,"column":109}},"11":{"start":{"line":36,"column":8},"end":{"line":36,"column":110}},"12":{"start":{"line":40,"column":8},"end":{"line":40,"column":74}},"13":{"start":{"line":3,"column":0},"end":{"line":3,"column":21}}},"fnMap":{"0":{"name":"(anonymous_1)","decl":{"start":{"line":5,"column":4},"end":{"line":5,"column":10}},"loc":{"start":{"line":5,"column":55},"end":{"line":8,"column":5}}},"1":{"name":"(anonymous_2)","decl":{"start":{"line":6,"column":44},"end":{"line":6,"column":45}},"loc":{"start":{"line":6,"column":54},"end":{"line":6,"column":67}}},"2":{"name":"(anonymous_3)","decl":{"start":{"line":10,"column":4},"end":{"line":10,"column":10}},"loc":{"start":{"line":10,"column":43},"end":{"line":12,"column":5}}},"3":{"name":"(anonymous_4)","decl":{"start":{"line":14,"column":4},"end":{"line":14,"column":10}},"loc":{"start":{"line":14,"column":66},"end":{"line":20,"column":5}}},"4":{"name":"(anonymous_5)","decl":{"start":{"line":22,"column":4},"end":{"line":22,"column":10}},"loc":{"start":{"line":22,"column":85},"end":{"line":24,"column":5}}},"5":{"name":"(anonymous_6)","decl":{"start":{"line":27,"column":4},"end":{"line":27,"column":10}},"loc":{"start":{"line":27,"column":92},"end":{"line":29,"column":5}}},"6":{"name":"(anonymous_7)","decl":{"start":{"line":31,"column":4},"end":{"line":31,"column":10}},"loc":{"start":{"line":31,"column":85},"end":{"line":33,"column":5}}},"7":{"name":"(anonymous_8)","decl":{"start":{"line":35,"column":4},"end":{"line":35,"column":10}},"loc":{"start":{"line":35,"column":92},"end":{"line":37,"column":5}}},"8":{"name":"(anonymous_9)","decl":{"start":{"line":39,"column":4},"end":{"line":39,"column":10}},"loc":{"start":{"line":39,"column":59},"end":{"line":41,"column":5}}}},"branchMap":{"0":{"loc":{"start":{"line":7,"column":15},"end":{"line":7,"column":64}},"type":"cond-expr","locations":[{"start":{"line":7,"column":43},"end":{"line":7,"column":57}},{"start":{"line":7,"column":60},"end":{"line":7,"column":64}}]},"1":{"loc":{"start":{"line":11,"column":15},"end":{"line":11,"column":93}},"type":"cond-expr","locations":[{"start":{"line":11,"column":55},"end":{"line":11,"column":59}},{"start":{"line":11,"column":62},"end":{"line":11,"column":93}}]},"2":{"loc":{"start":{"line":11,"column":15},"end":{"line":11,"column":52}},"type":"binary-expr","locations":[{"start":{"line":11,"column":15},"end":{"line":11,"column":29}},{"start":{"line":11,"column":33},"end":{"line":11,"column":52}}]},"3":{"loc":{"start":{"line":15,"column":8},"end":{"line":17,"column":9}},"type":"if","locations":[{"start":{"line":15,"column":8},"end":{"line":17,"column":9}}]},"4":{"loc":{"start":{"line":19,"column":15},"end":{"line":19,"column":76}},"type":"cond-expr","locations":[{"start":{"line":19,"column":38},"end":{"line":19,"column":42}},{"start":{"line":19,"column":45},"end":{"line":19,"column":76}}]},"5":{"loc":{"start":{"line":23,"column":15},"end":{"line":23,"column":108}},"type":"cond-expr","locations":[{"start":{"line":23,"column":46},"end":{"line":23,"column":50}},{"start":{"line":23,"column":53},"end":{"line":23,"column":108}}]},"6":{"loc":{"start":{"line":28,"column":15},"end":{"line":28,"column":109}},"type":"cond-expr","locations":[{"start":{"line":28,"column":47},"end":{"line":28,"column":51}},{"start":{"line":28,"column":54},"end":{"line":28,"column":109}}]},"7":{"loc":{"start":{"line":32,"column":15},"end":{"line":32,"column":108}},"type":"cond-expr","locations":[{"start":{"line":32,"column":46},"end":{"line":32,"column":50}},{"start":{"line":32,"column":53},"end":{"line":32,"column":108}}]},"8":{"loc":{"start":{"line":36,"column":15},"end":{"line":36,"column":109}},"type":"cond-expr","locations":[{"start":{"line":36,"column":47},"end":{"line":36,"column":51}},{"start":{"line":36,"column":54},"end":{"line":36,"column":109}}]},"9":{"loc":{"start":{"line":40,"column":15},"end":{"line":40,"column":73}},"type":"cond-expr","locations":[{"start":{"line":40,"column":35},"end":{"line":40,"column":39}},{"start":{"line":40,"column":42},"end":{"line":40,"column":73}}]}},"s":{"0":6,"1":875,"2":2661,"3":875,"4":903,"5":900,"6":8,"7":892,"8":20,"9":858,"10":19,"11":858,"12":20,"13":6},"f":{"0":875,"1":2661,"2":903,"3":900,"4":20,"5":858,"6":19,"7":858,"8":20},"b":{"0":[18,857],"1":[894,9],"2":[903,901],"3":[8],"4":[878,14],"5":[17,3],"6":[856,2],"7":[13,6],"8":[850,8],"9":[14,6]}}
,"/home/flavioasp77/formacao-dev/arquiteto/modelagem-dominio/ead/test/data/AulaBuilder.ts": {"path":"/home/flavioasp77/formacao-dev/arquiteto/modelagem-dominio/ead/test/data/AulaBuilder.ts","statementMap":{"0":{"start":{"line":1,"column":0},"end":{"line":1,"column":47}},"1":{"start":{"line":2,"column":0},"end":{"line":2,"column":37}},"2":{"start":{"line":3,"column":0},"end":{"line":3,"column":42}},"3":{"start":{"line":6,"column":29},"end":{"line":6,"column":45}},"4":{"start":{"line":9,"column":4},"end":{"line":14,"column":7}},"5":{"start":{"line":18,"column":17},"end":{"line":21,"column":16}},"6":{"start":{"line":19,"column":6},"end":{"line":21,"column":16}},"7":{"start":{"line":22,"column":4},"end":{"line":22,"column":71}},"8":{"start":{"line":22,"column":58},"end":{"line":22,"column":69}},"9":{"start":{"line":26,"column":4},"end":{"line":26,"column":23}},"10":{"start":{"line":27,"column":4},"end":{"line":27,"column":16}},"11":{"start":{"line":31,"column":4},"end":{"line":31,"column":27}},"12":{"start":{"line":32,"column":4},"end":{"line":32,"column":16}},"13":{"start":{"line":36,"column":4},"end":{"line":36,"column":32}},"14":{"start":{"line":37,"column":4},"end":{"line":37,"column":16}},"15":{"start":{"line":41,"column":4},"end":{"line":41,"column":33}},"16":{"start":{"line":42,"column":4},"end":{"line":42,"column":16}},"17":{"start":{"line":46,"column":4},"end":{"line":46,"column":35}},"18":{"start":{"line":47,"column":4},"end":{"line":47,"column":16}},"19":{"start":{"line":51,"column":4},"end":{"line":51,"column":29}},"20":{"start":{"line":52,"column":4},"end":{"line":52,"column":16}},"21":{"start":{"line":56,"column":4},"end":{"line":56,"column":33}},"22":{"start":{"line":57,"column":4},"end":{"line":57,"column":16}},"23":{"start":{"line":61,"column":4},"end":{"line":61,"column":32}},"24":{"start":{"line":5,"column":0},"end":{"line":5,"column":21}}},"fnMap":{"0":{"name":"(anonymous_1)","decl":{"start":{"line":6,"column":2},"end":{"line":6,"column":29}},"loc":{"start":{"line":6,"column":45},"end":{"line":6,"column":49}}},"1":{"name":"(anonymous_2)","decl":{"start":{"line":8,"column":2},"end":{"line":8,"column":8}},"loc":{"start":{"line":8,"column":28},"end":{"line":15,"column":3}}},"2":{"name":"(anonymous_3)","decl":{"start":{"line":17,"column":2},"end":{"line":17,"column":8}},"loc":{"start":{"line":17,"column":35},"end":{"line":23,"column":3}}},"3":{"name":"(anonymous_4)","decl":{"start":{"line":18,"column":17},"end":{"line":18,"column":18}},"loc":{"start":{"line":19,"column":6},"end":{"line":21,"column":16}}},"4":{"name":"(anonymous_5)","decl":{"start":{"line":22,"column":44},"end":{"line":22,"column":45}},"loc":{"start":{"line":22,"column":58},"end":{"line":22,"column":69}}},"5":{"name":"(anonymous_6)","decl":{"start":{"line":25,"column":2},"end":{"line":25,"column":7}},"loc":{"start":{"line":25,"column":18},"end":{"line":28,"column":3}}},"6":{"name":"(anonymous_7)","decl":{"start":{"line":30,"column":2},"end":{"line":30,"column":9}},"loc":{"start":{"line":30,"column":22},"end":{"line":33,"column":3}}},"7":{"name":"(anonymous_8)","decl":{"start":{"line":35,"column":2},"end":{"line":35,"column":9}},"loc":{"start":{"line":35,"column":9},"end":{"line":38,"column":3}}},"8":{"name":"(anonymous_9)","decl":{"start":{"line":40,"column":2},"end":{"line":40,"column":12}},"loc":{"start":{"line":40,"column":28},"end":{"line":43,"column":3}}},"9":{"name":"(anonymous_10)","decl":{"start":{"line":45,"column":2},"end":{"line":45,"column":12}},"loc":{"start":{"line":45,"column":12},"end":{"line":48,"column":3}}},"10":{"name":"(anonymous_11)","decl":{"start":{"line":50,"column":2},"end":{"line":50,"column":10}},"loc":{"start":{"line":50,"column":24},"end":{"line":53,"column":3}}},"11":{"name":"(anonymous_12)","decl":{"start":{"line":55,"column":2},"end":{"line":55,"column":10}},"loc":{"start":{"line":55,"column":10},"end":{"line":58,"column":3}}},"12":{"name":"(anonymous_13)","decl":{"start":{"line":60,"column":2},"end":{"line":60,"column":7}},"loc":{"start":{"line":60,"column":7},"end":{"line":62,"column":3}}}},"branchMap":{"0":{"loc":{"start":{"line":10,"column":12},"end":{"line":10,"column":42}},"type":"cond-expr","locations":[{"start":{"line":10,"column":12},"end":{"line":10,"column":16}},{"start":{"line":10,"column":20},"end":{"line":10,"column":42}}]},"1":{"loc":{"start":{"line":10,"column":12},"end":{"line":10,"column":20}},"type":"binary-expr","locations":[{"start":{"line":10,"column":12},"end":{"line":10,"column":20}},{"start":{"line":10,"column":12},"end":{"line":10,"column":20}}]}},"s":{"0":2,"1":2,"2":2,"3":229,"4":229,"5":23,"6":204,"7":23,"8":204,"9":1,"10":1,"11":1,"12":1,"13":2,"14":2,"15":13,"16":13,"17":1,"18":1,"19":209,"20":209,"21":10,"22":10,"23":229,"24":2},"f":{"0":229,"1":229,"2":23,"3":204,"4":204,"5":1,"6":1,"7":2,"8":13,"9":1,"10":209,"11":10,"12":229},"b":{"0":[15,214],"1":[229,229]}}
,"/home/flavioasp77/formacao-dev/arquiteto/modelagem-dominio/ead/test/data/CapituloBuilder.ts": {"path":"/home/flavioasp77/formacao-dev/arquiteto/modelagem-dominio/ead/test/data/CapituloBuilder.ts","statementMap":{"0":{"start":{"line":1,"column":0},"end":{"line":1,"column":42}},"1":{"start":{"line":2,"column":0},"end":{"line":2,"column":59}},"2":{"start":{"line":3,"column":0},"end":{"line":3,"column":44}},"3":{"start":{"line":4,"column":0},"end":{"line":4,"column":40}},"4":{"start":{"line":5,"column":0},"end":{"line":5,"column":47}},"5":{"start":{"line":8,"column":30},"end":{"line":8,"column":50}},"6":{"start":{"line":11,"column":4},"end":{"line":15,"column":7}},"7":{"start":{"line":14,"column":63},"end":{"line":14,"column":73}},"8":{"start":{"line":19,"column":4},"end":{"line":19,"column":23}},"9":{"start":{"line":20,"column":4},"end":{"line":20,"column":16}},"10":{"start":{"line":24,"column":4},"end":{"line":24,"column":27}},"11":{"start":{"line":25,"column":4},"end":{"line":25,"column":16}},"12":{"start":{"line":29,"column":4},"end":{"line":29,"column":32}},"13":{"start":{"line":30,"column":4},"end":{"line":30,"column":16}},"14":{"start":{"line":34,"column":4},"end":{"line":34,"column":29}},"15":{"start":{"line":35,"column":4},"end":{"line":35,"column":16}},"16":{"start":{"line":39,"column":4},"end":{"line":39,"column":33}},"17":{"start":{"line":40,"column":4},"end":{"line":40,"column":16}},"18":{"start":{"line":44,"column":4},"end":{"line":46,"column":6}},"19":{"start":{"line":45,"column":6},"end":{"line":45,"column":46}},"20":{"start":{"line":47,"column":4},"end":{"line":47,"column":16}},"21":{"start":{"line":51,"column":4},"end":{"line":51,"column":33}},"22":{"start":{"line":52,"column":4},"end":{"line":52,"column":16}},"23":{"start":{"line":56,"column":4},"end":{"line":56,"column":36}},"24":{"start":{"line":7,"column":0},"end":{"line":7,"column":21}}},"fnMap":{"0":{"name":"(anonymous_1)","decl":{"start":{"line":8,"column":2},"end":{"line":8,"column":30}},"loc":{"start":{"line":8,"column":50},"end":{"line":8,"column":54}}},"1":{"name":"(anonymous_2)","decl":{"start":{"line":10,"column":2},"end":{"line":10,"column":8}},"loc":{"start":{"line":10,"column":36},"end":{"line":16,"column":3}}},"2":{"name":"(anonymous_3)","decl":{"start":{"line":14,"column":53},"end":{"line":14,"column":54}},"loc":{"start":{"line":14,"column":63},"end":{"line":14,"column":73}}},"3":{"name":"(anonymous_4)","decl":{"start":{"line":18,"column":2},"end":{"line":18,"column":7}},"loc":{"start":{"line":18,"column":18},"end":{"line":21,"column":3}}},"4":{"name":"(anonymous_5)","decl":{"start":{"line":23,"column":2},"end":{"line":23,"column":9}},"loc":{"start":{"line":23,"column":22},"end":{"line":26,"column":3}}},"5":{"name":"(anonymous_6)","decl":{"start":{"line":28,"column":2},"end":{"line":28,"column":9}},"loc":{"start":{"line":28,"column":9},"end":{"line":31,"column":3}}},"6":{"name":"(anonymous_7)","decl":{"start":{"line":33,"column":2},"end":{"line":33,"column":10}},"loc":{"start":{"line":33,"column":24},"end":{"line":36,"column":3}}},"7":{"name":"(anonymous_8)","decl":{"start":{"line":38,"column":2},"end":{"line":38,"column":10}},"loc":{"start":{"line":38,"column":10},"end":{"line":41,"column":3}}},"8":{"name":"(anonymous_9)","decl":{"start":{"line":43,"column":2},"end":{"line":43,"column":10}},"loc":{"start":{"line":43,"column":38},"end":{"line":48,"column":3}}},"9":{"name":"(anonymous_10)","decl":{"start":{"line":44,"column":33},"end":{"line":44,"column":34}},"loc":{"start":{"line":45,"column":6},"end":{"line":45,"column":46}}},"10":{"name":"(anonymous_11)","decl":{"start":{"line":50,"column":2},"end":{"line":50,"column":10}},"loc":{"start":{"line":50,"column":10},"end":{"line":53,"column":3}}},"11":{"name":"(anonymous_12)","decl":{"start":{"line":55,"column":2},"end":{"line":55,"column":7}},"loc":{"start":{"line":55,"column":7},"end":{"line":57,"column":3}}}},"branchMap":{"0":{"loc":{"start":{"line":10,"column":15},"end":{"line":10,"column":36}},"type":"default-arg","locations":[{"start":{"line":10,"column":34},"end":{"line":10,"column":36}}]},"1":{"loc":{"start":{"line":45,"column":6},"end":{"line":45,"column":46}},"type":"cond-expr","locations":[{"start":{"line":45,"column":29},"end":{"line":45,"column":39}},{"start":{"line":45,"column":42},"end":{"line":45,"column":46}}]}},"s":{"0":1,"1":1,"2":1,"3":1,"4":1,"5":22,"6":22,"7":194,"8":1,"9":1,"10":1,"11":1,"12":1,"13":1,"14":2,"15":2,"16":1,"17":1,"18":7,"19":24,"20":7,"21":1,"22":1,"23":22,"24":1},"f":{"0":22,"1":22,"2":194,"3":1,"4":1,"5":1,"6":2,"7":1,"8":7,"9":24,"10":1,"11":22},"b":{"0":[18],"1":[23,1]}}
,"/home/flavioasp77/formacao-dev/arquiteto/modelagem-dominio/ead/test/data/NomesAula.ts": {"path":"/home/flavioasp77/formacao-dev/arquiteto/modelagem-dominio/ead/test/data/NomesAula.ts","statementMap":{"0":{"start":{"line":3,"column":19},"end":{"line":3,"column":73}},"1":{"start":{"line":4,"column":4},"end":{"line":4,"column":39}},"2":{"start":{"line":7,"column":18},"end":{"line":32,"column":4}},"3":{"start":{"line":1,"column":21},"end":{"line":1,"column":null}}},"fnMap":{"0":{"name":"(anonymous_0)","decl":{"start":{"line":2,"column":2},"end":{"line":2,"column":8}},"loc":{"start":{"line":2,"column":18},"end":{"line":5,"column":3}}}},"branchMap":{},"s":{"0":215,"1":215,"2":2,"3":2},"f":{"0":215},"b":{}}
,"/home/flavioasp77/formacao-dev/arquiteto/modelagem-dominio/ead/test/data/NomesCapitulo.ts": {"path":"/home/flavioasp77/formacao-dev/arquiteto/modelagem-dominio/ead/test/data/NomesCapitulo.ts","statementMap":{"0":{"start":{"line":3,"column":19},"end":{"line":3,"column":70}},"1":{"start":{"line":4,"column":4},"end":{"line":4,"column":36}},"2":{"start":{"line":7,"column":18},"end":{"line":16,"column":4}},"3":{"start":{"line":1,"column":21},"end":{"line":1,"column":null}}},"fnMap":{"0":{"name":"(anonymous_0)","decl":{"start":{"line":2,"column":2},"end":{"line":2,"column":8}},"loc":{"start":{"line":2,"column":18},"end":{"line":5,"column":3}}}},"branchMap":{},"s":{"0":22,"1":22,"2":1,"3":1},"f":{"0":22},"b":{}}
,"/home/flavioasp77/formacao-dev/arquiteto/modelagem-dominio/ead/test/data/UsuarioBuilder.ts": {"path":"/home/flavioasp77/formacao-dev/arquiteto/modelagem-dominio/ead/test/data/UsuarioBuilder.ts","statementMap":{"0":{"start":{"line":1,"column":0},"end":{"line":1,"column":58}},"1":{"start":{"line":2,"column":0},"end":{"line":2,"column":40}},"2":{"start":{"line":5,"column":31},"end":{"line":5,"column":50}},"3":{"start":{"line":8,"column":8},"end":{"line":16,"column":null}},"4":{"start":{"line":20,"column":8},"end":{"line":20,"column":27}},"5":{"start":{"line":21,"column":8},"end":{"line":21,"column":null}},"6":{"start":{"line":25,"column":8},"end":{"line":25,"column":34}},"7":{"start":{"line":26,"column":8},"end":{"line":26,"column":null}},"8":{"start":{"line":30,"column":8},"end":{"line":30,"column":31}},"9":{"start":{"line":31,"column":8},"end":{"line":31,"column":null}},"10":{"start":{"line":35,"column":8},"end":{"line":35,"column":36}},"11":{"start":{"line":36,"column":8},"end":{"line":36,"column":null}},"12":{"start":{"line":40,"column":8},"end":{"line":40,"column":33}},"13":{"start":{"line":41,"column":8},"end":{"line":41,"column":null}},"14":{"start":{"line":45,"column":8},"end":{"line":45,"column":37}},"15":{"start":{"line":46,"column":8},"end":{"line":46,"column":null}},"16":{"start":{"line":50,"column":8},"end":{"line":50,"column":33}},"17":{"start":{"line":51,"column":8},"end":{"line":51,"column":null}},"18":{"start":{"line":55,"column":8},"end":{"line":55,"column":37}},"19":{"start":{"line":56,"column":8},"end":{"line":56,"column":null}},"20":{"start":{"line":60,"column":8},"end":{"line":60,"column":39}},"21":{"start":{"line":4,"column":0},"end":{"line":4,"column":21}}},"fnMap":{"0":{"name":"(anonymous_1)","decl":{"start":{"line":5,"column":4},"end":{"line":5,"column":31}},"loc":{"start":{"line":5,"column":50},"end":{"line":5,"column":54}}},"1":{"name":"(anonymous_2)","decl":{"start":{"line":7,"column":4},"end":{"line":7,"column":10}},"loc":{"start":{"line":7,"column":16},"end":{"line":17,"column":5}}},"2":{"name":"(anonymous_3)","decl":{"start":{"line":19,"column":4},"end":{"line":19,"column":9}},"loc":{"start":{"line":19,"column":20},"end":{"line":22,"column":5}}},"3":{"name":"(anonymous_4)","decl":{"start":{"line":24,"column":4},"end":{"line":24,"column":9}},"loc":{"start":{"line":24,"column":9},"end":{"line":27,"column":5}}},"4":{"name":"(anonymous_5)","decl":{"start":{"line":29,"column":4},"end":{"line":29,"column":11}},"loc":{"start":{"line":29,"column":24},"end":{"line":32,"column":5}}},"5":{"name":"(anonymous_6)","decl":{"start":{"line":34,"column":4},"end":{"line":34,"column":11}},"loc":{"start":{"line":34,"column":11},"end":{"line":37,"column":5}}},"6":{"name":"(anonymous_7)","decl":{"start":{"line":39,"column":4},"end":{"line":39,"column":12}},"loc":{"start":{"line":39,"column":26},"end":{"line":42,"column":5}}},"7":{"name":"(anonymous_8)","decl":{"start":{"line":44,"column":4},"end":{"line":44,"column":12}},"loc":{"start":{"line":44,"column":12},"end":{"line":47,"column":5}}},"8":{"name":"(anonymous_9)","decl":{"start":{"line":49,"column":4},"end":{"line":49,"column":12}},"loc":{"start":{"line":49,"column":26},"end":{"line":52,"column":5}}},"9":{"name":"(anonymous_10)","decl":{"start":{"line":54,"column":4},"end":{"line":54,"column":12}},"loc":{"start":{"line":54,"column":12},"end":{"line":57,"column":5}}},"10":{"name":"(anonymous_11)","decl":{"start":{"line":59,"column":4},"end":{"line":59,"column":9}},"loc":{"start":{"line":59,"column":9},"end":{"line":61,"column":5}}}},"branchMap":{},"s":{"0":1,"1":1,"2":8,"3":8,"4":1,"5":1,"6":1,"7":1,"8":2,"9":2,"10":1,"11":1,"12":1,"13":1,"14":1,"15":1,"16":1,"17":1,"18":1,"19":1,"20":8,"21":1},"f":{"0":8,"1":8,"2":1,"3":1,"4":2,"5":1,"6":1,"7":1,"8":1,"9":1,"10":8},"b":{}}
}
