TN:
SF:src/index.ts
FN:1,somar
FNF:1
FNH:1
FNDA:1,somar
DA:1,1
DA:2,1
LF:2
LH:2
BRF:0
BRH:0
end_of_record
TN:
SF:src/constants/Erros.ts
FNF:0
FNH:0
DA:1,15
DA:19,15
LF:2
LH:2
BRF:0
BRH:0
end_of_record
TN:
SF:src/curso/Aula.ts
FN:22,(anonymous_1)
FNF:1
FNH:1
FNDA:820,(anonymous_1)
DA:1,2
DA:2,2
DA:3,2
DA:4,2
DA:5,2
DA:6,2
DA:7,2
DA:16,2
DA:23,820
DA:24,820
DA:25,817
DA:26,817
DA:27,817
DA:29,815
DA:30,2
LF:15
LH:15
BRDA:23,0,0,810
BRDA:23,0,1,10
BRDA:23,1,0,820
BRDA:23,1,1,820
BRDA:29,2,0,2
BRF:5
BRH:5
end_of_record
TN:
SF:src/curso/Capitulo.ts
FN:20,(anonymous_1)
FN:30,(anonymous_2)
FN:33,(anonymous_3)
FN:39,(anonymous_4)
FN:44,(anonymous_5)
FN:45,(anonymous_6)
FN:49,(anonymous_7)
FN:54,(anonymous_8)
FN:58,(anonymous_9)
FN:59,(anonymous_10)
FN:64,(anonymous_11)
FN:65,(anonymous_12)
FN:70,(anonymous_13)
FN:71,(anonymous_14)
FN:73,(anonymous_15)
FN:76,(anonymous_16)
FN:77,(anonymous_17)
FN:80,(anonymous_18)
FN:81,(anonymous_19)
FN:86,(anonymous_20)
FN:90,(anonymous_21)
FN:94,(anonymous_22)
FNF:22
FNH:22
FNDA:30,(anonymous_1)
FNDA:160,(anonymous_2)
FNDA:4,(anonymous_3)
FNDA:28,(anonymous_4)
FNDA:3,(anonymous_5)
FNDA:25,(anonymous_6)
FNDA:22,(anonymous_7)
FNDA:2,(anonymous_8)
FNDA:2,(anonymous_9)
FNDA:3,(anonymous_10)
FNDA:2,(anonymous_11)
FNDA:12,(anonymous_12)
FNDA:30,(anonymous_13)
FNDA:190,(anonymous_14)
FNDA:190,(anonymous_15)
FNDA:37,(anonymous_16)
FNDA:240,(anonymous_17)
FNDA:2,(anonymous_18)
FNDA:6,(anonymous_19)
FNDA:7,(anonymous_20)
FNDA:3,(anonymous_21)
FNDA:3,(anonymous_22)
DA:1,1
DA:2,1
DA:3,1
DA:4,1
DA:5,1
DA:6,1
DA:7,1
DA:15,1
DA:21,30
DA:25,30
DA:26,29
DA:27,27
DA:28,1
DA:30,160
DA:35,4
DA:38,4
DA:39,28
DA:41,4
DA:45,3
DA:46,25
DA:48,3
DA:49,22
DA:51,3
DA:55,2
DA:59,3
DA:60,2
DA:61,2
DA:65,12
DA:66,2
DA:67,2
DA:71,190
DA:72,30
DA:73,190
DA:77,240
DA:81,2
DA:82,6
DA:87,7
DA:91,3
DA:95,3
LF:39
LH:39
BRDA:23,0,0,29
BRDA:23,0,1,1
BRDA:23,1,0,30
BRDA:23,1,1,30
BRDA:27,2,0,1
BRDA:35,3,0,3
BRDA:35,3,1,1
BRDA:61,4,0,1
BRDA:61,4,1,1
BRDA:67,5,0,1
BRDA:67,5,1,1
BRF:11
BRH:11
end_of_record
TN:
SF:src/error/ErroValidacao.ts
FN:14,(anonymous_1)
FN:21,(anonymous_2)
FN:26,(anonymous_3)
FNF:3
FNH:3
FNDA:92,(anonymous_1)
FNDA:57,(anonymous_2)
FNDA:32,(anonymous_3)
DA:1,15
DA:9,15
DA:14,92
DA:15,92
DA:16,92
DA:17,92
DA:18,92
DA:22,57
DA:27,32
LF:9
LH:9
BRDA:15,0,0,90
BRDA:15,0,1,2
BRDA:15,1,0,92
BRDA:15,1,1,92
BRDA:15,2,0,1
BRDA:15,2,1,91
BRDA:15,3,0,92
BRDA:15,3,1,92
BRDA:16,4,0,90
BRDA:16,4,1,2
BRDA:16,5,0,92
BRDA:16,5,1,92
BRDA:16,6,0,1
BRDA:16,6,1,91
BRDA:16,7,0,92
BRDA:16,7,1,92
BRDA:17,8,0,1
BRDA:17,8,1,91
BRDA:17,9,0,92
BRDA:17,9,1,92
BRDA:18,10,0,20
BRDA:18,10,1,72
BRDA:18,11,0,92
BRDA:18,11,1,92
BRDA:18,12,0,1
BRDA:18,12,1,91
BRDA:18,13,0,92
BRDA:18,13,1,92
BRF:28
BRH:28
end_of_record
TN:
SF:src/shared/Duracao.ts
FN:9,(anonymous_1)
FN:16,(anonymous_2)
FN:20,(anonymous_3)
FN:24,(anonymous_4)
FN:28,(anonymous_5)
FN:32,(anonymous_6)
FN:42,(anonymous_7)
FN:56,(anonymous_8)
FNF:8
FNH:8
FNDA:846,(anonymous_1)
FNDA:8,(anonymous_2)
FNDA:2,(anonymous_3)
FNDA:817,(anonymous_4)
FNDA:2,(anonymous_5)
FNDA:6,(anonymous_6)
FNDA:5,(anonymous_7)
FNDA:11,(anonymous_8)
DA:1,3
DA:2,3
DA:4,3
DA:5,3
DA:6,3
DA:10,846
DA:11,1
DA:13,845
DA:17,8
DA:21,2
DA:25,817
DA:29,2
DA:33,6
DA:34,6
DA:35,6
DA:36,6
DA:37,4
DA:39,2
DA:43,5
DA:44,5
DA:45,5
DA:46,5
DA:47,5
DA:48,2
DA:50,3
DA:51,1
DA:53,2
DA:57,11
LF:28
LH:28
BRDA:10,0,0,1
BRDA:10,1,0,846
BRDA:10,1,1,838
BRDA:13,2,0,840
BRDA:13,2,1,5
BRDA:13,3,0,845
BRDA:13,3,1,845
BRDA:36,4,0,4
BRDA:47,5,0,2
BRDA:50,6,0,1
BRF:10
BRH:10
end_of_record
TN:
SF:src/shared/Email.ts
FN:9,(anonymous_1)
FN:17,(anonymous_2)
FN:22,(anonymous_3)
FN:26,(anonymous_4)
FNF:4
FNH:4
FNDA:11,(anonymous_1)
FNDA:1,(anonymous_2)
FNDA:1,(anonymous_3)
FNDA:11,(anonymous_4)
DA:1,2
DA:2,2
DA:4,2
DA:5,2
DA:10,11
DA:12,11
DA:13,3
DA:18,1
DA:23,1
DA:27,11
LF:10
LH:10
BRDA:10,0,0,9
BRDA:10,0,1,2
BRDA:10,1,0,11
BRDA:10,1,1,11
BRDA:10,2,0,2
BRDA:10,2,1,9
BRDA:10,3,0,11
BRDA:10,3,1,11
BRDA:12,4,0,3
BRF:9
BRH:9
end_of_record
TN:
SF:src/shared/Entidade.ts
FN:11,(anonymous_1)
FN:16,(anonymous_2)
FN:20,(anonymous_3)
FN:24,(anonymous_4)
FNF:4
FNH:4
FNDA:867,(anonymous_1)
FNDA:19,(anonymous_2)
FNDA:29,(anonymous_3)
FNDA:249,(anonymous_4)
DA:1,4
DA:7,4
DA:12,867
DA:13,867
DA:17,19
DA:21,29
DA:25,249
LF:7
LH:7
BRDA:17,0,0,2
BRDA:17,0,1,17
BRDA:17,1,0,19
BRDA:17,1,1,18
BRDA:21,2,0,2
BRDA:21,2,1,27
BRDA:21,3,0,29
BRDA:21,3,1,28
BRF:8
BRH:8
end_of_record
TN:
SF:src/shared/Id.ts
FN:10,(anonymous_1)
FN:19,(anonymous_2)
FN:23,(anonymous_3)
FN:27,(anonymous_4)
FNF:4
FNH:4
FNDA:881,(anonymous_1)
FNDA:7,(anonymous_2)
FNDA:22,(anonymous_3)
FNDA:33,(anonymous_4)
DA:1,5
DA:2,5
DA:3,5
DA:6,5
DA:11,881
DA:12,881
DA:14,881
DA:15,1
DA:20,7
DA:24,22
DA:28,33
LF:11
LH:11
BRDA:11,0,0,604
BRDA:11,0,1,277
BRDA:11,1,0,881
BRDA:11,1,1,881
BRDA:14,2,0,1
BRDA:24,3,0,3
BRDA:24,3,1,19
BRDA:24,4,0,22
BRDA:24,4,1,22
BRDA:28,5,0,3
BRDA:28,5,1,30
BRDA:28,6,0,33
BRDA:28,6,1,33
BRF:13
BRH:13
end_of_record
TN:
SF:src/shared/NomePessoa.ts
FN:6,(anonymous_1)
FN:22,(anonymous_2)
FN:26,(anonymous_3)
FN:30,(anonymous_4)
FN:34,(anonymous_5)
FNF:5
FNH:5
FNDA:17,(anonymous_1)
FNDA:3,(anonymous_2)
FNDA:1,(anonymous_3)
FNDA:1,(anonymous_4)
FNDA:1,(anonymous_5)
DA:1,2
DA:2,2
DA:4,2
DA:7,17
DA:9,17
DA:17,17
DA:18,9
DA:23,3
DA:27,1
DA:31,1
DA:35,1
LF:11
LH:11
BRDA:7,0,0,14
BRDA:7,0,1,3
BRDA:7,1,0,17
BRDA:7,1,1,17
BRDA:7,2,0,3
BRDA:7,2,1,14
BRDA:7,3,0,17
BRDA:7,3,1,17
BRDA:17,4,0,9
BRF:9
BRH:9
end_of_record
TN:
SF:src/shared/NomeSimples.ts
FN:7,(anonymous_1)
FN:21,(anonymous_2)
FN:25,(anonymous_3)
FN:26,(anonymous_4)
FNF:4
FNH:4
FNDA:856,(anonymous_1)
FNDA:10,(anonymous_2)
FNDA:1,(anonymous_3)
FNDA:2,(anonymous_4)
DA:1,3
DA:2,3
DA:4,3
DA:8,856
DA:10,856
DA:16,856
DA:17,8
DA:22,10
DA:26,1
DA:27,2
DA:30,1
LF:11
LH:11
BRDA:8,0,0,852
BRDA:8,0,1,4
BRDA:8,1,0,856
BRDA:8,1,1,856
BRDA:8,2,0,4
BRDA:8,2,1,852
BRDA:8,3,0,856
BRDA:8,3,1,856
BRDA:16,4,0,8
BRF:9
BRH:9
end_of_record
TN:
SF:src/shared/Ordem.ts
FN:5,(anonymous_1)
FN:11,(anonymous_2)
FN:15,(anonymous_3)
FN:19,(anonymous_4)
FN:27,(anonymous_5)
FNF:5
FNH:5
FNDA:860,(anonymous_1)
FNDA:170,(anonymous_2)
FNDA:2,(anonymous_3)
FNDA:168,(anonymous_4)
FNDA:165,(anonymous_5)
DA:1,3
DA:2,3
DA:4,3
DA:5,860
DA:6,860
DA:7,6
DA:12,170
DA:16,2
DA:20,168
DA:21,7
DA:24,161
DA:28,165
LF:12
LH:12
BRDA:5,0,0,2
BRDA:6,1,0,6
BRDA:20,2,0,7
BRDA:24,3,0,158
BRDA:24,3,1,3
BRF:5
BRH:5
end_of_record
TN:
SF:src/shared/SenhaForte.ts
FN:7,(anonymous_1)
FN:13,(anonymous_2)
FNF:2
FNH:2
FNDA:7,(anonymous_1)
FNDA:7,(anonymous_2)
DA:1,1
DA:2,1
DA:4,1
DA:5,1
DA:7,7
DA:8,7
DA:9,6
DA:14,7
LF:8
LH:8
BRDA:8,0,0,6
BRDA:8,1,0,6
BRDA:8,1,1,1
BRDA:8,2,0,7
BRDA:8,2,1,7
BRF:5
BRH:5
end_of_record
TN:
SF:src/shared/SenhaHash.ts
FN:7,(anonymous_1)
FN:13,(anonymous_2)
FNF:2
FNH:2
FNDA:14,(anonymous_1)
FNDA:12,(anonymous_2)
DA:1,2
DA:2,2
DA:4,2
DA:5,2
DA:7,14
DA:8,14
DA:9,6
DA:14,12
LF:8
LH:8
BRDA:8,0,0,6
BRDA:8,1,0,14
BRDA:8,1,1,12
BRF:3
BRH:3
end_of_record
TN:
SF:src/shared/Url.ts
FN:8,(anonymous_1)
FN:19,(anonymous_2)
FN:28,(anonymous_3)
FN:32,(anonymous_4)
FN:36,(anonymous_5)
FN:40,(anonymous_6)
FN:42,(anonymous_7)
FNF:7
FNH:7
FNDA:826,(anonymous_1)
FNDA:826,(anonymous_2)
FNDA:1,(anonymous_3)
FNDA:1,(anonymous_4)
FNDA:1,(anonymous_5)
FNDA:3,(anonymous_6)
FNDA:6,(anonymous_7)
DA:1,3
DA:2,3
DA:4,3
DA:9,826
DA:11,826
DA:12,5
DA:15,821
DA:20,826
DA:21,826
DA:22,821
DA:24,5
DA:29,1
DA:33,1
DA:37,1
DA:41,3
DA:42,3
DA:43,6
DA:44,6
LF:18
LH:18
BRDA:9,0,0,824
BRDA:9,0,1,2
BRDA:9,1,0,826
BRDA:9,1,1,826
BRDA:11,2,0,5
BRF:5
BRH:5
end_of_record
TN:
SF:src/usuario/Usuario.ts
FN:17,(anonymous_1)
FNF:1
FNH:1
FNDA:8,(anonymous_1)
DA:1,1
DA:2,1
DA:3,1
DA:4,1
DA:12,1
DA:18,8
DA:19,8
DA:20,6
DA:21,5
DA:22,4
LF:10
LH:10
BRDA:21,0,0,4
BRF:1
BRH:1
end_of_record
TN:
SF:src/utils/Validador.ts
FN:5,(anonymous_1)
FN:6,(anonymous_2)
FN:10,(anonymous_3)
FN:14,(anonymous_4)
FN:22,(anonymous_5)
FN:27,(anonymous_6)
FN:31,(anonymous_7)
FN:35,(anonymous_8)
FN:39,(anonymous_9)
FNF:9
FNH:9
FNDA:875,(anonymous_1)
FNDA:2661,(anonymous_2)
FNDA:903,(anonymous_3)
FNDA:900,(anonymous_4)
FNDA:20,(anonymous_5)
FNDA:858,(anonymous_6)
FNDA:19,(anonymous_7)
FNDA:858,(anonymous_8)
FNDA:20,(anonymous_9)
DA:1,6
DA:3,6
DA:6,2661
DA:7,875
DA:11,903
DA:15,900
DA:16,8
DA:19,892
DA:23,20
DA:28,858
DA:32,19
DA:36,858
DA:40,20
LF:13
LH:13
BRDA:7,0,0,18
BRDA:7,0,1,857
BRDA:11,1,0,894
BRDA:11,1,1,9
BRDA:11,2,0,903
BRDA:11,2,1,901
BRDA:15,3,0,8
BRDA:19,4,0,878
BRDA:19,4,1,14
BRDA:23,5,0,17
BRDA:23,5,1,3
BRDA:28,6,0,856
BRDA:28,6,1,2
BRDA:32,7,0,13
BRDA:32,7,1,6
BRDA:36,8,0,850
BRDA:36,8,1,8
BRDA:40,9,0,14
BRDA:40,9,1,6
BRF:19
BRH:19
end_of_record
TN:
SF:test/data/AulaBuilder.ts
FN:6,(anonymous_1)
FN:8,(anonymous_2)
FN:17,(anonymous_3)
FN:18,(anonymous_4)
FN:22,(anonymous_5)
FN:25,(anonymous_6)
FN:30,(anonymous_7)
FN:35,(anonymous_8)
FN:40,(anonymous_9)
FN:45,(anonymous_10)
FN:50,(anonymous_11)
FN:55,(anonymous_12)
FN:60,(anonymous_13)
FNF:13
FNH:13
FNDA:229,(anonymous_1)
FNDA:229,(anonymous_2)
FNDA:23,(anonymous_3)
FNDA:204,(anonymous_4)
FNDA:204,(anonymous_5)
FNDA:1,(anonymous_6)
FNDA:1,(anonymous_7)
FNDA:2,(anonymous_8)
FNDA:13,(anonymous_9)
FNDA:1,(anonymous_10)
FNDA:209,(anonymous_11)
FNDA:10,(anonymous_12)
FNDA:229,(anonymous_13)
DA:1,2
DA:2,2
DA:3,2
DA:5,2
DA:6,229
DA:9,229
DA:18,23
DA:19,204
DA:22,204
DA:26,1
DA:27,1
DA:31,1
DA:32,1
DA:36,2
DA:37,2
DA:41,13
DA:42,13
DA:46,1
DA:47,1
DA:51,209
DA:52,209
DA:56,10
DA:57,10
DA:61,229
LF:24
LH:24
BRDA:10,0,0,15
BRDA:10,0,1,214
BRDA:10,1,0,229
BRDA:10,1,1,229
BRF:4
BRH:4
end_of_record
TN:
SF:test/data/CapituloBuilder.ts
FN:8,(anonymous_1)
FN:10,(anonymous_2)
FN:14,(anonymous_3)
FN:18,(anonymous_4)
FN:23,(anonymous_5)
FN:28,(anonymous_6)
FN:33,(anonymous_7)
FN:38,(anonymous_8)
FN:43,(anonymous_9)
FN:44,(anonymous_10)
FN:50,(anonymous_11)
FN:55,(anonymous_12)
FNF:12
FNH:12
FNDA:22,(anonymous_1)
FNDA:22,(anonymous_2)
FNDA:194,(anonymous_3)
FNDA:1,(anonymous_4)
FNDA:1,(anonymous_5)
FNDA:1,(anonymous_6)
FNDA:2,(anonymous_7)
FNDA:1,(anonymous_8)
FNDA:7,(anonymous_9)
FNDA:24,(anonymous_10)
FNDA:1,(anonymous_11)
FNDA:22,(anonymous_12)
DA:1,1
DA:2,1
DA:3,1
DA:4,1
DA:5,1
DA:7,1
DA:8,22
DA:11,22
DA:14,194
DA:19,1
DA:20,1
DA:24,1
DA:25,1
DA:29,1
DA:30,1
DA:34,2
DA:35,2
DA:39,1
DA:40,1
DA:44,7
DA:45,24
DA:47,7
DA:51,1
DA:52,1
DA:56,22
LF:25
LH:25
BRDA:10,0,0,18
BRDA:45,1,0,23
BRDA:45,1,1,1
BRF:3
BRH:3
end_of_record
TN:
SF:test/data/NomesAula.ts
FN:2,(anonymous_0)
FNF:1
FNH:1
FNDA:215,(anonymous_0)
DA:1,2
DA:3,215
DA:4,215
DA:7,2
LF:4
LH:4
BRF:0
BRH:0
end_of_record
TN:
SF:test/data/NomesCapitulo.ts
FN:2,(anonymous_0)
FNF:1
FNH:1
FNDA:22,(anonymous_0)
DA:1,1
DA:3,22
DA:4,22
DA:7,1
LF:4
LH:4
BRF:0
BRH:0
end_of_record
TN:
SF:test/data/UsuarioBuilder.ts
FN:5,(anonymous_1)
FN:7,(anonymous_2)
FN:19,(anonymous_3)
FN:24,(anonymous_4)
FN:29,(anonymous_5)
FN:34,(anonymous_6)
FN:39,(anonymous_7)
FN:44,(anonymous_8)
FN:49,(anonymous_9)
FN:54,(anonymous_10)
FN:59,(anonymous_11)
FNF:11
FNH:11
FNDA:8,(anonymous_1)
FNDA:8,(anonymous_2)
FNDA:1,(anonymous_3)
FNDA:1,(anonymous_4)
FNDA:2,(anonymous_5)
FNDA:1,(anonymous_6)
FNDA:1,(anonymous_7)
FNDA:1,(anonymous_8)
FNDA:1,(anonymous_9)
FNDA:1,(anonymous_10)
FNDA:8,(anonymous_11)
DA:1,1
DA:2,1
DA:4,1
DA:5,8
DA:8,8
DA:20,1
DA:21,1
DA:25,1
DA:26,1
DA:30,2
DA:31,2
DA:35,1
DA:36,1
DA:40,1
DA:41,1
DA:45,1
DA:46,1
DA:50,1
DA:51,1
DA:55,1
DA:56,1
DA:60,8
LF:22
LH:22
BRF:0
BRH:0
end_of_record
